#
# There is insufficient memory for the Java Runtime Environment to continue.
# Native memory allocation (malloc) failed to allocate 2290832 bytes. Error detail: Chunk::new
# Possible reasons:
#   The system is out of physical RAM or swap space
#   This process is running with CompressedOops enabled, and the Java Heap may be blocking the growth of the native heap
# Possible solutions:
#   Reduce memory load on the system
#   Increase physical memory or swap space
#   Check if swap backing store is full
#   Decrease Java heap size (-Xmx/-Xms)
#   Decrease number of Java threads
#   Decrease Java thread stack sizes (-Xss)
#   Set larger code cache with -XX:ReservedCodeCacheSize=
#   JVM is running with Unscaled Compressed Oops mode in which the Java heap is
#     placed in the first 4GB address space. The Java Heap base address is the
#     maximum limit for the native heap growth. Please use -XX:HeapBaseMinAddress
#     to set the Java Heap base and to place the Java Heap above 4GB virtual address.
# This output file may be truncated or incomplete.
#
#  Out of Memory Error (arena.cpp:168), pid=27312, tid=9032
#
# JRE version: OpenJDK Runtime Environment Temurin-21.0.9+10 (21.0.9+10) (build 21.0.9+10-LTS)
# Java VM: OpenJDK 64-Bit Server VM Temurin-21.0.9+10 (21.0.9+10-LTS, mixed mode, sharing, tiered, compressed oops, compressed class ptrs, parallel gc, windows-amd64)
# No core dump will be written. Minidumps are not enabled by default on client versions of Windows
#

---------------  S U M M A R Y ------------

Command Line: --add-modules=ALL-SYSTEM --add-opens=java.base/java.util=ALL-UNNAMED --add-opens=java.base/java.lang=ALL-UNNAMED --add-opens=java.base/sun.nio.fs=ALL-UNNAMED -Declipse.application=org.eclipse.jdt.ls.core.id1 -Dosgi.bundles.defaultStartLevel=4 -Declipse.product=org.eclipse.jdt.ls.core.product -Djava.import.generatesMetadataFilesAtProjectRoot=false -DDetectVMInstallationsJob.disabled=true -Dfile.encoding=utf8 -XX:+UseParallelGC -XX:GCTimeRatio=4 -XX:AdaptiveSizePolicyWeight=90 -Dsun.zip.disableMemoryMapping=true -Xmx2G -Xms100m -Xlog:disable -javaagent:c:\Users\pujak\.vscode\extensions\redhat.java-1.52.0-win32-x64\lombok\lombok-1.18.39-4050.jar -XX:+HeapDumpOnOutOfMemoryError -XX:HeapDumpPath=c:\Users\pujak\AppData\Roaming\Code\User\workspaceStorage\b97078b75bcdd57789704d8281967d4b\redhat.java -Daether.dependencyCollector.impl=bf c:\Users\pujak\.vscode\extensions\redhat.java-1.52.0-win32-x64\server\plugins\org.eclipse.equinox.launcher_1.7.100.v20251111-0406.jar -configuration c:\Users\pujak\AppData\Roaming\Code\User\globalStorage\redhat.java\1.52.0\config_win -data c:\Users\pujak\AppData\Roaming\Code\User\workspaceStorage\b97078b75bcdd57789704d8281967d4b\redhat.java\jdt_ws --pipe=\\.\pipe\lsp-eddcfd011c26b7e3c06011e1bd6bc1f9-sock

Host: AMD Ryzen 5 7535HS with Radeon Graphics        , 12 cores, 7G,  Windows 11 , 64 bit Build 26100 (10.0.26100.7623)
Time: Fri Feb 13 23:00:49 2026 Nepal Standard Time elapsed time: 30.658178 seconds (0d 0h 0m 30s)

---------------  T H R E A D  ---------------

Current thread (0x000002ad21024aa0):  JavaThread "C2 CompilerThread0" daemon [_thread_in_native, id=9032, stack(0x000000daa8600000,0x000000daa8700000) (1024K)]


Current CompileTask:
C2:30658 11541 % !   4       org.eclipse.jdt.internal.compiler.classfmt.ClassFileReader::<init> @ 81 (1968 bytes)

Stack: [0x000000daa8600000,0x000000daa8700000]
Native frames: (J=compiled Java code, j=interpreted, Vv=VM code, C=native code)
V  [jvm.dll+0x6d6e29]
V  [jvm.dll+0x8b4b76]
V  [jvm.dll+0x8b712e]
V  [jvm.dll+0x8b7813]
V  [jvm.dll+0x283d86]
V  [jvm.dll+0xc66ed]
V  [jvm.dll+0xc6c31]
V  [jvm.dll+0x3be53b]
V  [jvm.dll+0x1e3d59]
V  [jvm.dll+0x24c0f3]
V  [jvm.dll+0x24b580]
V  [jvm.dll+0x1cb13e]
V  [jvm.dll+0x25b29d]
V  [jvm.dll+0x25982a]
V  [jvm.dll+0x3f7ea6]
V  [jvm.dll+0x85e9ad]
V  [jvm.dll+0x6d565d]
C  [ucrtbase.dll+0x37b0]
C  [KERNEL32.DLL+0x2e8d7]
C  [ntdll.dll+0x8c53c]


---------------  P R O C E S S  ---------------

Threads class SMR info:
_java_thread_list=0x000002ad252d7c60, length=64, elements={
0x000002acc35237a0, 0x000002acd9d1d790, 0x000002acd9d1e790, 0x000002ad210087d0,
0x000002ad21009420, 0x000002ad21010440, 0x000002ad2101a5f0, 0x000002ad21024aa0,
0x000002ad210277a0, 0x000002ad21019240, 0x000002ad2101ac80, 0x000002ad210198d0,
0x000002ad21019f60, 0x000002ad21017e90, 0x000002ad21018520, 0x000002ad21018bb0,
0x000002ad21ef66c0, 0x000002ad21ef38d0, 0x000002ad21ef4c80, 0x000002ad21ef6d50,
0x000002ad21ef6030, 0x000002ad21ef59a0, 0x000002ad21ef3f60, 0x000002ad21ef7a70,
0x000002ad21ef45f0, 0x000002ad21ef8100, 0x000002ad21ef8790, 0x000002ad21ef5310,
0x000002ad21efa860, 0x000002ad21efaef0, 0x000002ad21ef9b40, 0x000002ad21ef8e20,
0x000002ad21ef94b0, 0x000002ad21efa1d0, 0x000002ad24569d20, 0x000002ad2456aa40,
0x000002ad245682e0, 0x000002ad24569690, 0x000002ad24568970, 0x000002ad24569000,
0x000002ad2456a3b0, 0x000002ad2456b0d0, 0x000002ad21142e10, 0x000002ad211441c0,
0x000002ad21143b30, 0x000002ad21144ee0, 0x000002ad21144850, 0x000002ad21146920,
0x000002ad21145570, 0x000002ad21145c00, 0x000002ad21146290, 0x000002ad211434a0,
0x000002ad211489f0, 0x000002ad21149710, 0x000002ad21146fb0, 0x000002ad21147cd0,
0x000002ad2114a430, 0x000002ad21147640, 0x000002ad21149da0, 0x000002ad21148360,
0x000002ad21149080, 0x000002ad248e5320, 0x000002ad248e66d0, 0x000002ad248e7a80
}

Java Threads: ( => current thread )
  0x000002acc35237a0 JavaThread "main"                              [_thread_blocked, id=12464, stack(0x000000daa7c00000,0x000000daa7d00000) (1024K)]
  0x000002acd9d1d790 JavaThread "Reference Handler"          daemon [_thread_blocked, id=33368, stack(0x000000daa8000000,0x000000daa8100000) (1024K)]
  0x000002acd9d1e790 JavaThread "Finalizer"                  daemon [_thread_blocked, id=21704, stack(0x000000daa8100000,0x000000daa8200000) (1024K)]
  0x000002ad210087d0 JavaThread "Signal Dispatcher"          daemon [_thread_blocked, id=10196, stack(0x000000daa8200000,0x000000daa8300000) (1024K)]
  0x000002ad21009420 JavaThread "Attach Listener"            daemon [_thread_blocked, id=4600, stack(0x000000daa8300000,0x000000daa8400000) (1024K)]
  0x000002ad21010440 JavaThread "Service Thread"             daemon [_thread_blocked, id=20668, stack(0x000000daa8400000,0x000000daa8500000) (1024K)]
  0x000002ad2101a5f0 JavaThread "Monitor Deflation Thread"   daemon [_thread_blocked, id=31452, stack(0x000000daa8500000,0x000000daa8600000) (1024K)]
=>0x000002ad21024aa0 JavaThread "C2 CompilerThread0"         daemon [_thread_in_native, id=9032, stack(0x000000daa8600000,0x000000daa8700000) (1024K)]
  0x000002ad210277a0 JavaThread "C1 CompilerThread0"         daemon [_thread_blocked, id=21612, stack(0x000000daa8700000,0x000000daa8800000) (1024K)]
  0x000002ad21019240 JavaThread "Common-Cleaner"             daemon [_thread_blocked, id=11488, stack(0x000000daa8800000,0x000000daa8900000) (1024K)]
  0x000002ad2101ac80 JavaThread "Notification Thread"        daemon [_thread_blocked, id=30776, stack(0x000000daa8900000,0x000000daa8a00000) (1024K)]
  0x000002ad210198d0 JavaThread "Active Thread: Equinox Container: c6b048ee-29ed-4e9f-989b-b347a765852c"        [_thread_blocked, id=21368, stack(0x000000daa9000000,0x000000daa9100000) (1024K)]
  0x000002ad21019f60 JavaThread "Refresh Thread: Equinox Container: c6b048ee-29ed-4e9f-989b-b347a765852c" daemon [_thread_blocked, id=31276, stack(0x000000daa9200000,0x000000daa9300000) (1024K)]
  0x000002ad21017e90 JavaThread "Framework Event Dispatcher: Equinox Container: c6b048ee-29ed-4e9f-989b-b347a765852c" daemon [_thread_blocked, id=30308, stack(0x000000daa9300000,0x000000daa9400000) (1024K)]
  0x000002ad21018520 JavaThread "Start Level: Equinox Container: c6b048ee-29ed-4e9f-989b-b347a765852c" daemon [_thread_blocked, id=16256, stack(0x000000daa9400000,0x000000daa9500000) (1024K)]
  0x000002ad21018bb0 JavaThread "Bundle File Closer"         daemon [_thread_blocked, id=34268, stack(0x000000daa9700000,0x000000daa9800000) (1024K)]
  0x000002ad21ef66c0 JavaThread "SCR Component Actor"        daemon [_thread_blocked, id=27524, stack(0x000000daa9800000,0x000000daa9900000) (1024K)]
  0x000002ad21ef38d0 JavaThread "Worker-JM"                         [_thread_blocked, id=30884, stack(0x000000daa9900000,0x000000daa9a00000) (1024K)]
  0x000002ad21ef4c80 JavaThread "Worker-0"                          [_thread_blocked, id=12172, stack(0x000000daa9a00000,0x000000daa9b00000) (1024K)]
  0x000002ad21ef6d50 JavaThread "Worker-1: Initialize workspace"        [_thread_blocked, id=25412, stack(0x000000daa9b00000,0x000000daa9c00000) (1024K)]
  0x000002ad21ef6030 JavaThread "Java indexing"              daemon [_thread_blocked, id=33528, stack(0x000000daa9e00000,0x000000daa9f00000) (1024K)]
  0x000002ad21ef59a0 JavaThread "JNA Cleaner"                daemon [_thread_blocked, id=32356, stack(0x000000daa9f00000,0x000000daaa000000) (1024K)]
  0x000002ad21ef3f60 JavaThread "Worker-2: Building"                [_thread_blocked, id=18244, stack(0x000000daaa200000,0x000000daaa300000) (1024K)]
  0x000002ad21ef7a70 JavaThread "Worker-3"                          [_thread_blocked, id=2252, stack(0x000000daaa300000,0x000000daaa400000) (1024K)]
  0x000002ad21ef45f0 JavaThread "Worker-4"                          [_thread_blocked, id=12252, stack(0x000000daaa400000,0x000000daaa500000) (1024K)]
  0x000002ad21ef8100 JavaThread "Worker-5: Java indexing... "        [_thread_blocked, id=13048, stack(0x000000daaa500000,0x000000daaa600000) (1024K)]
  0x000002ad21ef8790 JavaThread "Thread-1"                   daemon [_thread_in_native, id=24980, stack(0x000000daaa600000,0x000000daaa700000) (1024K)]
  0x000002ad21ef5310 JavaThread "Thread-2"                   daemon [_thread_in_native, id=11136, stack(0x000000daaa700000,0x000000daaa800000) (1024K)]
  0x000002ad21efa860 JavaThread "Thread-3"                   daemon [_thread_in_native, id=4448, stack(0x000000daaa800000,0x000000daaa900000) (1024K)]
  0x000002ad21efaef0 JavaThread "Thread-4"                   daemon [_thread_in_native, id=14224, stack(0x000000daaa900000,0x000000daaaa00000) (1024K)]
  0x000002ad21ef9b40 JavaThread "Thread-5"                   daemon [_thread_in_native, id=17148, stack(0x000000daaaa00000,0x000000daaab00000) (1024K)]
  0x000002ad21ef8e20 JavaThread "Thread-6"                   daemon [_thread_in_native, id=27868, stack(0x000000daaab00000,0x000000daaac00000) (1024K)]
  0x000002ad21ef94b0 JavaThread "Thread-7"                   daemon [_thread_in_native, id=28680, stack(0x000000daaac00000,0x000000daaad00000) (1024K)]
  0x000002ad21efa1d0 JavaThread "Thread-8"                   daemon [_thread_in_native, id=15812, stack(0x000000daaad00000,0x000000daaae00000) (1024K)]
  0x000002ad24569d20 JavaThread "Thread-9"                   daemon [_thread_in_native, id=18412, stack(0x000000daaae00000,0x000000daaaf00000) (1024K)]
  0x000002ad2456aa40 JavaThread "Thread-10"                  daemon [_thread_in_native, id=26700, stack(0x000000daaaf00000,0x000000daab000000) (1024K)]
  0x000002ad245682e0 JavaThread "Thread-11"                  daemon [_thread_in_native, id=33268, stack(0x000000daab000000,0x000000daab100000) (1024K)]
  0x000002ad24569690 JavaThread "Thread-12"                  daemon [_thread_in_native, id=12276, stack(0x000000daab100000,0x000000daab200000) (1024K)]
  0x000002ad24568970 JavaThread "Thread-13"                  daemon [_thread_in_native, id=30724, stack(0x000000daab200000,0x000000daab300000) (1024K)]
  0x000002ad24569000 JavaThread "pool-2-thread-1"                   [_thread_blocked, id=25308, stack(0x000000daab300000,0x000000daab400000) (1024K)]
  0x000002ad2456a3b0 JavaThread "WorkspaceEventsHandler"            [_thread_blocked, id=6512, stack(0x000000daab400000,0x000000daab500000) (1024K)]
  0x000002ad2456b0d0 JavaThread "pool-1-thread-1"                   [_thread_blocked, id=20412, stack(0x000000daab500000,0x000000daab600000) (1024K)]
  0x000002ad21142e10 JavaThread "LocalFile Deleter"          daemon [_thread_blocked, id=36804, stack(0x000000daa9c00000,0x000000daa9d00000) (1024K)]
  0x000002ad211441c0 JavaThread "LocalFile Deleter"          daemon [_thread_blocked, id=36808, stack(0x000000daa9d00000,0x000000daa9e00000) (1024K)]
  0x000002ad21143b30 JavaThread "LocalFile Deleter"          daemon [_thread_blocked, id=36812, stack(0x000000daab700000,0x000000daab800000) (1024K)]
  0x000002ad21144ee0 JavaThread "LocalFile Deleter"          daemon [_thread_blocked, id=36820, stack(0x000000daab800000,0x000000daab900000) (1024K)]
  0x000002ad21144850 JavaThread "LocalFile Deleter"          daemon [_thread_blocked, id=36824, stack(0x000000daab900000,0x000000daaba00000) (1024K)]
  0x000002ad21146920 JavaThread "LocalFile Deleter"          daemon [_thread_blocked, id=36828, stack(0x000000daaba00000,0x000000daabb00000) (1024K)]
  0x000002ad21145570 JavaThread "LocalFile Deleter"          daemon [_thread_blocked, id=36832, stack(0x000000daabb00000,0x000000daabc00000) (1024K)]
  0x000002ad21145c00 JavaThread "LocalFile Deleter"          daemon [_thread_blocked, id=36836, stack(0x000000daabc00000,0x000000daabd00000) (1024K)]
  0x000002ad21146290 JavaThread "LocalFile Deleter"          daemon [_thread_blocked, id=36840, stack(0x000000daabd00000,0x000000daabe00000) (1024K)]
  0x000002ad211434a0 JavaThread "LocalFile Deleter"          daemon [_thread_blocked, id=36844, stack(0x000000daabe00000,0x000000daabf00000) (1024K)]
  0x000002ad211489f0 JavaThread "LocalFile Deleter"          daemon [_thread_blocked, id=36848, stack(0x000000daabf00000,0x000000daac000000) (1024K)]
  0x000002ad21149710 JavaThread "LocalFile Deleter"          daemon [_thread_blocked, id=36852, stack(0x000000daac000000,0x000000daac100000) (1024K)]
  0x000002ad21146fb0 JavaThread "Compiler Source File Reader" daemon [_thread_blocked, id=23772, stack(0x000000daac100000,0x000000daac200000) (1024K)]
  0x000002ad21147cd0 JavaThread "Compiler Source File Reader" daemon [_thread_blocked, id=15476, stack(0x000000daac200000,0x000000daac300000) (1024K)]
  0x000002ad2114a430 JavaThread "Compiler Source File Reader" daemon [_thread_blocked, id=19116, stack(0x000000daac300000,0x000000daac400000) (1024K)]
  0x000002ad21147640 JavaThread "Compiler Source File Reader" daemon [_thread_blocked, id=2612, stack(0x000000daac400000,0x000000daac500000) (1024K)]
  0x000002ad21149da0 JavaThread "Compiler Source File Reader" daemon [_thread_blocked, id=28324, stack(0x000000daac500000,0x000000daac600000) (1024K)]
  0x000002ad21148360 JavaThread "Compiler Source File Reader" daemon [_thread_blocked, id=31784, stack(0x000000daac600000,0x000000daac700000) (1024K)]
  0x000002ad21149080 JavaThread "Compiler Source File Reader" daemon [_thread_blocked, id=25204, stack(0x000000daac700000,0x000000daac800000) (1024K)]
  0x000002ad248e5320 JavaThread "Compiler Source File Reader" daemon [_thread_blocked, id=31304, stack(0x000000daac800000,0x000000daac900000) (1024K)]
  0x000002ad248e66d0 JavaThread "Compiler Source File Reader" daemon [_thread_blocked, id=27844, stack(0x000000daac900000,0x000000daaca00000) (1024K)]
  0x000002ad248e7a80 JavaThread "Compiler Source File Reader" daemon [_thread_blocked, id=14444, stack(0x000000daaca00000,0x000000daacb00000) (1024K)]
Total: 64

Other Threads:
  0x000002acd9d04200 VMThread "VM Thread"                           [id=35280, stack(0x000000daa7f00000,0x000000daa8000000) (1024K)]
  0x000002acd9bfca00 WatcherThread "VM Periodic Task Thread"        [id=35344, stack(0x000000daa7e00000,0x000000daa7f00000) (1024K)]
  0x000002acc3540af0 WorkerThread "GC Thread#0"                     [id=33828, stack(0x000000daa7d00000,0x000000daa7e00000) (1024K)]
  0x000002ad215528c0 WorkerThread "GC Thread#1"                     [id=27148, stack(0x000000daa8a00000,0x000000daa8b00000) (1024K)]
  0x000002ad217322d0 WorkerThread "GC Thread#2"                     [id=17856, stack(0x000000daa8b00000,0x000000daa8c00000) (1024K)]
  0x000002ad21732670 WorkerThread "GC Thread#3"                     [id=17604, stack(0x000000daa8c00000,0x000000daa8d00000) (1024K)]
  0x000002ad21514600 WorkerThread "GC Thread#4"                     [id=17536, stack(0x000000daa8d00000,0x000000daa8e00000) (1024K)]
  0x000002ad215149a0 WorkerThread "GC Thread#5"                     [id=14460, stack(0x000000daa8e00000,0x000000daa8f00000) (1024K)]
  0x000002ad21652250 WorkerThread "GC Thread#6"                     [id=20248, stack(0x000000daa8f00000,0x000000daa9000000) (1024K)]
  0x000002ad21a10be0 WorkerThread "GC Thread#7"                     [id=27172, stack(0x000000daa9100000,0x000000daa9200000) (1024K)]
  0x000002ad219f4d00 WorkerThread "GC Thread#8"                     [id=32656, stack(0x000000daa9500000,0x000000daa9600000) (1024K)]
  0x000002ad219f57e0 WorkerThread "GC Thread#9"                     [id=2552, stack(0x000000daa9600000,0x000000daa9700000) (1024K)]
Total: 12

Threads with active compile tasks:
C2 CompilerThread0  30694 11541 % !   4       org.eclipse.jdt.internal.compiler.classfmt.ClassFileReader::<init> @ 81 (1968 bytes)
Total: 1

VM state: at safepoint (normal execution)

VM Mutex/Monitor currently owned by a thread:  ([mutex/lock_event])
[0x00007ffa748dd570] Threads_lock - owner thread: 0x000002acd9d04200
[0x00007ffa748dd670] Heap_lock - owner thread: 0x000002ad21ef6030

Heap address: 0x0000000080000000, size: 2048 MB, Compressed Oops mode: 32-bit

CDS archive(s) mapped at: [0x000002acda000000-0x000002acdaba0000-0x000002acdaba0000), size 12189696, SharedBaseAddress: 0x000002acda000000, ArchiveRelocationMode: 1.
Compressed class space mapped at: 0x000002acdb000000-0x000002ad1b000000, reserved size: 1073741824
Narrow klass base: 0x000002acda000000, Narrow klass shift: 0, Narrow klass range: 0x100000000

GC Precious Log:
 CardTable entry size: 512
 CPUs: 12 total, 12 available
 Memory: 7381M
 Large Page Support: Disabled
 NUMA Support: Disabled
 Compressed Oops: Enabled (32-bit)
 Alignments: Space 512K, Generation 512K, Heap 2M
 Heap Min Capacity: 100M
 Heap Initial Capacity: 100M
 Heap Max Capacity: 2G
 Pre-touch: Disabled
 Parallel Workers: 10

Heap:
 PSYoungGen      total 24064K, used 3064K [0x00000000d5580000, 0x00000000d7200000, 0x0000000100000000)
  eden space 20992K, 0% used [0x00000000d5580000,0x00000000d5580000,0x00000000d6a00000)
  from space 3072K, 99% used [0x00000000d6f00000,0x00000000d71fe320,0x00000000d7200000)
  to   space 4096K, 0% used [0x00000000d6b00000,0x00000000d6b00000,0x00000000d6f00000)
 ParOldGen       total 119296K, used 119254K [0x0000000080000000, 0x0000000087480000, 0x00000000d5580000)
  object space 119296K, 99% used [0x0000000080000000,0x0000000087475be0,0x0000000087480000)
 Metaspace       used 65527K, committed 67008K, reserved 1114112K
  class space    used 7142K, committed 7808K, reserved 1048576K

Card table byte_map: [0x000002acc2dd0000,0x000002acc31e0000] _byte_map_base: 0x000002acc29d0000

Marking Bits: (ParMarkBitMap*) 0x00007ffa748e2460
 Begin Bits: [0x000002acd5720000, 0x000002acd7720000)
 End Bits:   [0x000002acd7720000, 0x000002acd9720000)

Polling page: 0x000002acc12f0000

Metaspace:

Usage:
  Non-class:     57.02 MB used.
      Class:      6.98 MB used.
       Both:     63.99 MB used.

Virtual space:
  Non-class space:       64.00 MB reserved,      57.81 MB ( 90%) committed,  1 nodes.
      Class space:        1.00 GB reserved,       7.62 MB ( <1%) committed,  1 nodes.
             Both:        1.06 GB reserved,      65.44 MB (  6%) committed. 

Chunk freelists:
   Non-Class:  4.73 MB
       Class:  8.36 MB
        Both:  13.09 MB

MaxMetaspaceSize: unlimited
CompressedClassSpaceSize: 1.00 GB
Initial GC threshold: 21.00 MB
Current GC threshold: 97.31 MB
CDS: on
 - commit_granule_bytes: 65536.
 - commit_granule_words: 8192.
 - virtual_space_node_default_size: 8388608.
 - enlarge_chunks_in_place: 1.
 - use_allocation_guard: 0.


Internal statistics:

num_allocs_failed_limit: 9.
num_arena_births: 1120.
num_arena_deaths: 22.
num_vsnodes_births: 2.
num_vsnodes_deaths: 0.
num_space_committed: 1047.
num_space_uncommitted: 0.
num_chunks_returned_to_freelist: 35.
num_chunks_taken_from_freelist: 3895.
num_chunk_merges: 21.
num_chunk_splits: 2433.
num_chunks_enlarged: 1477.
num_inconsistent_stats: 0.

CodeHeap 'non-profiled nmethods': size=120000Kb used=6186Kb max_used=6186Kb free=113813Kb
 bounds [0x000002acce1f0000, 0x000002acce800000, 0x000002acd5720000]
CodeHeap 'profiled nmethods': size=120000Kb used=23776Kb max_used=23776Kb free=96223Kb
 bounds [0x000002acc6720000, 0x000002acc7e60000, 0x000002accdc50000]
CodeHeap 'non-nmethods': size=5760Kb used=1460Kb max_used=1502Kb free=4299Kb
 bounds [0x000002accdc50000, 0x000002accdec0000, 0x000002acce1f0000]
CodeCache: size=245760Kb, used=31422Kb, max_used=31464Kb, free=214335Kb
 total_blobs=11586, nmethods=10812, adapters=680, full_count=0
Compilation: enabled, stopped_count=0, restarted_count=0

Compilation events (20 events):
Event: 29.463 Thread 0x000002ad210277a0 11588       2       jdk.internal.org.objectweb.asm.SymbolTable::hash (12 bytes)
Event: 29.464 Thread 0x000002ad210277a0 nmethod 11588 0x000002acc7e54590 code [0x000002acc7e54740, 0x000002acc7e54860]
Event: 29.464 Thread 0x000002ad210277a0 11589       2       jdk.internal.org.objectweb.asm.SymbolTable::addUninitializedType (103 bytes)
Event: 29.465 Thread 0x000002ad210277a0 nmethod 11589 0x000002acc7e54990 code [0x000002acc7e54b80, 0x000002acc7e54f20]
Event: 29.478 Thread 0x000002ad210277a0 11590 %     3       lombok.launch.ClassFileMetaData::getOffsets @ 16 (62 bytes)
Event: 29.479 Thread 0x000002ad210277a0 nmethod 11590% 0x000002acc7e55190 code [0x000002acc7e55360, 0x000002acc7e55790]
Event: 29.482 Thread 0x000002ad210277a0 11591       2       sun.net.www.protocol.jar.URLJarFile::getJarFile (46 bytes)
Event: 29.483 Thread 0x000002ad210277a0 nmethod 11591 0x000002acc7e55a10 code [0x000002acc7e55c00, 0x000002acc7e55e58]
Event: 29.483 Thread 0x000002ad210277a0 11592       2       java.util.jar.JarFile::baseVersion (4 bytes)
Event: 29.483 Thread 0x000002ad210277a0 nmethod 11592 0x000002acc7e55f90 code [0x000002acc7e56120, 0x000002acc7e56210]
Event: 29.484 Thread 0x000002ad210277a0 11593       2       sun.net.www.protocol.jar.URLJarFile::close (22 bytes)
Event: 29.485 Thread 0x000002ad210277a0 nmethod 11593 0x000002acc7e56290 code [0x000002acc7e56440, 0x000002acc7e565e8]
Event: 29.485 Thread 0x000002ad210277a0 11594   !   2       sun.net.www.protocol.jar.JarFileFactory::close (46 bytes)
Event: 29.486 Thread 0x000002ad210277a0 nmethod 11594 0x000002acc7e56710 code [0x000002acc7e568e0, 0x000002acc7e56bb8]
Event: 29.523 Thread 0x000002ad210277a0 11596       2       org.eclipse.jdt.ls.core.internal.JobHelpers$BuildJobMatcher::matches (41 bytes)
Event: 29.524 Thread 0x000002ad210277a0 nmethod 11596 0x000002acc7e56d90 code [0x000002acc7e56fa0, 0x000002acc7e57340]
Event: 29.550 Thread 0x000002ad210277a0 11597       2       java.util.zip.ZipFile$Source$Key::equals (93 bytes)
Event: 29.551 Thread 0x000002ad210277a0 nmethod 11597 0x000002acc7e57610 code [0x000002acc7e57840, 0x000002acc7e57d48]
Event: 29.551 Thread 0x000002ad210277a0 11598       2       java.nio.file.attribute.FileTime::equals (28 bytes)
Event: 29.551 Thread 0x000002ad210277a0 nmethod 11598 0x000002acc7e57f90 code [0x000002acc7e58140, 0x000002acc7e58300]

GC Heap History (20 events):
Event: 24.202 GC heap after
{Heap after GC invocations=59 (full 3):
 PSYoungGen      total 13312K, used 2306K [0x00000000d5580000, 0x00000000d6600000, 0x0000000100000000)
  eden space 10752K, 0% used [0x00000000d5580000,0x00000000d5580000,0x00000000d6000000)
  from space 2560K, 90% used [0x00000000d6380000,0x00000000d65c0ac0,0x00000000d6600000)
  to   space 2560K, 0% used [0x00000000d6000000,0x00000000d6000000,0x00000000d6280000)
 ParOldGen       total 95232K, used 95111K [0x0000000080000000, 0x0000000085d00000, 0x00000000d5580000)
  object space 95232K, 99% used [0x0000000080000000,0x0000000085ce1e90,0x0000000085d00000)
 Metaspace       used 62881K, committed 64256K, reserved 1114112K
  class space    used 6814K, committed 7424K, reserved 1048576K
}
Event: 24.262 GC heap before
{Heap before GC invocations=60 (full 3):
 PSYoungGen      total 13312K, used 13058K [0x00000000d5580000, 0x00000000d6600000, 0x0000000100000000)
  eden space 10752K, 100% used [0x00000000d5580000,0x00000000d6000000,0x00000000d6000000)
  from space 2560K, 90% used [0x00000000d6380000,0x00000000d65c0ac0,0x00000000d6600000)
  to   space 2560K, 0% used [0x00000000d6000000,0x00000000d6000000,0x00000000d6280000)
 ParOldGen       total 95232K, used 95111K [0x0000000080000000, 0x0000000085d00000, 0x00000000d5580000)
  object space 95232K, 99% used [0x0000000080000000,0x0000000085ce1e90,0x0000000085d00000)
 Metaspace       used 63412K, committed 64832K, reserved 1114112K
  class space    used 6860K, committed 7488K, reserved 1048576K
}
Event: 24.265 GC heap after
{Heap after GC invocations=60 (full 3):
 PSYoungGen      total 12800K, used 1790K [0x00000000d5580000, 0x00000000d6400000, 0x0000000100000000)
  eden space 10752K, 0% used [0x00000000d5580000,0x00000000d5580000,0x00000000d6000000)
  from space 2048K, 87% used [0x00000000d6000000,0x00000000d61bf9b0,0x00000000d6200000)
  to   space 2048K, 0% used [0x00000000d6200000,0x00000000d6200000,0x00000000d6400000)
 ParOldGen       total 97280K, used 97252K [0x0000000080000000, 0x0000000085f00000, 0x00000000d5580000)
  object space 97280K, 99% used [0x0000000080000000,0x0000000085ef9108,0x0000000085f00000)
 Metaspace       used 63412K, committed 64832K, reserved 1114112K
  class space    used 6860K, committed 7488K, reserved 1048576K
}
Event: 24.329 GC heap before
{Heap before GC invocations=61 (full 3):
 PSYoungGen      total 12800K, used 12542K [0x00000000d5580000, 0x00000000d6400000, 0x0000000100000000)
  eden space 10752K, 100% used [0x00000000d5580000,0x00000000d6000000,0x00000000d6000000)
  from space 2048K, 87% used [0x00000000d6000000,0x00000000d61bf9b0,0x00000000d6200000)
  to   space 2048K, 0% used [0x00000000d6200000,0x00000000d6200000,0x00000000d6400000)
 ParOldGen       total 97280K, used 97252K [0x0000000080000000, 0x0000000085f00000, 0x00000000d5580000)
  object space 97280K, 99% used [0x0000000080000000,0x0000000085ef9108,0x0000000085f00000)
 Metaspace       used 63880K, committed 65280K, reserved 1114112K
  class space    used 6927K, committed 7552K, reserved 1048576K
}
Event: 25.346 GC heap after
{Heap after GC invocations=61 (full 3):
 PSYoungGen      total 12800K, used 1912K [0x00000000d5580000, 0x00000000d6680000, 0x0000000100000000)
  eden space 10752K, 0% used [0x00000000d5580000,0x00000000d5580000,0x00000000d6000000)
  from space 2048K, 93% used [0x00000000d6200000,0x00000000d63de0c8,0x00000000d6400000)
  to   space 2048K, 0% used [0x00000000d6000000,0x00000000d6000000,0x00000000d6200000)
 ParOldGen       total 99328K, used 98845K [0x0000000080000000, 0x0000000086100000, 0x00000000d5580000)
  object space 99328K, 99% used [0x0000000080000000,0x0000000086087748,0x0000000086100000)
 Metaspace       used 63880K, committed 65280K, reserved 1114112K
  class space    used 6927K, committed 7552K, reserved 1048576K
}
Event: 25.431 GC heap before
{Heap before GC invocations=62 (full 3):
 PSYoungGen      total 12800K, used 12664K [0x00000000d5580000, 0x00000000d6680000, 0x0000000100000000)
  eden space 10752K, 100% used [0x00000000d5580000,0x00000000d6000000,0x00000000d6000000)
  from space 2048K, 93% used [0x00000000d6200000,0x00000000d63de0c8,0x00000000d6400000)
  to   space 2048K, 0% used [0x00000000d6000000,0x00000000d6000000,0x00000000d6200000)
 ParOldGen       total 99328K, used 98845K [0x0000000080000000, 0x0000000086100000, 0x00000000d5580000)
  object space 99328K, 99% used [0x0000000080000000,0x0000000086087748,0x0000000086100000)
 Metaspace       used 63887K, committed 65344K, reserved 1114112K
  class space    used 6928K, committed 7552K, reserved 1048576K
}
Event: 27.439 GC heap after
{Heap after GC invocations=62 (full 3):
 PSYoungGen      total 12800K, used 2046K [0x00000000d5580000, 0x00000000d6c80000, 0x0000000100000000)
  eden space 10752K, 0% used [0x00000000d5580000,0x00000000d5580000,0x00000000d6000000)
  from space 2048K, 99% used [0x00000000d6000000,0x00000000d61ff898,0x00000000d6200000)
  to   space 5120K, 0% used [0x00000000d6780000,0x00000000d6780000,0x00000000d6c80000)
 ParOldGen       total 101376K, used 101104K [0x0000000080000000, 0x0000000086300000, 0x00000000d5580000)
  object space 101376K, 99% used [0x0000000080000000,0x00000000862bc398,0x0000000086300000)
 Metaspace       used 63887K, committed 65344K, reserved 1114112K
  class space    used 6928K, committed 7552K, reserved 1048576K
}
Event: 27.535 GC heap before
{Heap before GC invocations=63 (full 3):
 PSYoungGen      total 12800K, used 12798K [0x00000000d5580000, 0x00000000d6c80000, 0x0000000100000000)
  eden space 10752K, 100% used [0x00000000d5580000,0x00000000d6000000,0x00000000d6000000)
  from space 2048K, 99% used [0x00000000d6000000,0x00000000d61ff898,0x00000000d6200000)
  to   space 5120K, 0% used [0x00000000d6780000,0x00000000d6780000,0x00000000d6c80000)
 ParOldGen       total 101376K, used 101104K [0x0000000080000000, 0x0000000086300000, 0x00000000d5580000)
  object space 101376K, 99% used [0x0000000080000000,0x00000000862bc398,0x0000000086300000)
 Metaspace       used 64263K, committed 65664K, reserved 1114112K
  class space    used 6969K, committed 7552K, reserved 1048576K
}
Event: 27.538 GC heap after
{Heap after GC invocations=63 (full 3):
 PSYoungGen      total 15360K, used 1999K [0x00000000d5580000, 0x00000000d6980000, 0x0000000100000000)
  eden space 13312K, 0% used [0x00000000d5580000,0x00000000d5580000,0x00000000d6280000)
  from space 2048K, 97% used [0x00000000d6780000,0x00000000d6973fc0,0x00000000d6980000)
  to   space 3072K, 0% used [0x00000000d6380000,0x00000000d6380000,0x00000000d6680000)
 ParOldGen       total 103424K, used 103014K [0x0000000080000000, 0x0000000086500000, 0x00000000d5580000)
  object space 103424K, 99% used [0x0000000080000000,0x0000000086499a20,0x0000000086500000)
 Metaspace       used 64263K, committed 65664K, reserved 1114112K
  class space    used 6969K, committed 7552K, reserved 1048576K
}
Event: 27.639 GC heap before
{Heap before GC invocations=64 (full 3):
 PSYoungGen      total 15360K, used 15311K [0x00000000d5580000, 0x00000000d6980000, 0x0000000100000000)
  eden space 13312K, 100% used [0x00000000d5580000,0x00000000d6280000,0x00000000d6280000)
  from space 2048K, 97% used [0x00000000d6780000,0x00000000d6973fc0,0x00000000d6980000)
  to   space 3072K, 0% used [0x00000000d6380000,0x00000000d6380000,0x00000000d6680000)
 ParOldGen       total 103424K, used 103014K [0x0000000080000000, 0x0000000086500000, 0x00000000d5580000)
  object space 103424K, 99% used [0x0000000080000000,0x0000000086499a20,0x0000000086500000)
 Metaspace       used 64430K, committed 65856K, reserved 1114112K
  class space    used 6986K, committed 7616K, reserved 1048576K
}
Event: 28.643 GC heap after
{Heap after GC invocations=64 (full 3):
 PSYoungGen      total 17408K, used 2790K [0x00000000d5580000, 0x00000000d6b80000, 0x0000000100000000)
  eden space 14336K, 0% used [0x00000000d5580000,0x00000000d5580000,0x00000000d6380000)
  from space 3072K, 90% used [0x00000000d6380000,0x00000000d6639a30,0x00000000d6680000)
  to   space 3072K, 0% used [0x00000000d6880000,0x00000000d6880000,0x00000000d6b80000)
 ParOldGen       total 104960K, used 104860K [0x0000000080000000, 0x0000000086680000, 0x00000000d5580000)
  object space 104960K, 99% used [0x0000000080000000,0x0000000086667150,0x0000000086680000)
 Metaspace       used 64430K, committed 65856K, reserved 1114112K
  class space    used 6986K, committed 7616K, reserved 1048576K
}
Event: 28.967 GC heap before
{Heap before GC invocations=65 (full 3):
 PSYoungGen      total 17408K, used 17126K [0x00000000d5580000, 0x00000000d6b80000, 0x0000000100000000)
  eden space 14336K, 100% used [0x00000000d5580000,0x00000000d6380000,0x00000000d6380000)
  from space 3072K, 90% used [0x00000000d6380000,0x00000000d6639a30,0x00000000d6680000)
  to   space 3072K, 0% used [0x00000000d6880000,0x00000000d6880000,0x00000000d6b80000)
 ParOldGen       total 104960K, used 104860K [0x0000000080000000, 0x0000000086680000, 0x00000000d5580000)
  object space 104960K, 99% used [0x0000000080000000,0x0000000086667150,0x0000000086680000)
 Metaspace       used 64807K, committed 66240K, reserved 1114112K
  class space    used 7048K, committed 7680K, reserved 1048576K
}
Event: 28.970 GC heap after
{Heap after GC invocations=65 (full 3):
 PSYoungGen      total 19968K, used 2043K [0x00000000d5580000, 0x00000000d6c00000, 0x0000000100000000)
  eden space 16896K, 0% used [0x00000000d5580000,0x00000000d5580000,0x00000000d6600000)
  from space 3072K, 66% used [0x00000000d6880000,0x00000000d6a7eef8,0x00000000d6b80000)
  to   space 2560K, 0% used [0x00000000d6600000,0x00000000d6600000,0x00000000d6880000)
 ParOldGen       total 107520K, used 107401K [0x0000000080000000, 0x0000000086900000, 0x00000000d5580000)
  object space 107520K, 99% used [0x0000000080000000,0x00000000868e25f0,0x0000000086900000)
 Metaspace       used 64807K, committed 66240K, reserved 1114112K
  class space    used 7048K, committed 7680K, reserved 1048576K
}
Event: 29.109 GC heap before
{Heap before GC invocations=66 (full 3):
 PSYoungGen      total 19968K, used 18939K [0x00000000d5580000, 0x00000000d6c00000, 0x0000000100000000)
  eden space 16896K, 100% used [0x00000000d5580000,0x00000000d6600000,0x00000000d6600000)
  from space 3072K, 66% used [0x00000000d6880000,0x00000000d6a7eef8,0x00000000d6b80000)
  to   space 2560K, 0% used [0x00000000d6600000,0x00000000d6600000,0x00000000d6880000)
 ParOldGen       total 107520K, used 107401K [0x0000000080000000, 0x0000000086900000, 0x00000000d5580000)
  object space 107520K, 99% used [0x0000000080000000,0x00000000868e25f0,0x0000000086900000)
 Metaspace       used 64901K, committed 66304K, reserved 1114112K
  class space    used 7077K, committed 7680K, reserved 1048576K
}
Event: 29.113 GC heap after
{Heap after GC invocations=66 (full 3):
 PSYoungGen      total 19456K, used 2557K [0x00000000d5580000, 0x00000000d7500000, 0x0000000100000000)
  eden space 16896K, 0% used [0x00000000d5580000,0x00000000d5580000,0x00000000d6600000)
  from space 2560K, 99% used [0x00000000d6600000,0x00000000d687f700,0x00000000d6880000)
  to   space 5632K, 0% used [0x00000000d6f80000,0x00000000d6f80000,0x00000000d7500000)
 ParOldGen       total 110080K, used 109735K [0x0000000080000000, 0x0000000086b80000, 0x00000000d5580000)
  object space 110080K, 99% used [0x0000000080000000,0x0000000086b29fc0,0x0000000086b80000)
 Metaspace       used 64901K, committed 66304K, reserved 1114112K
  class space    used 7077K, committed 7680K, reserved 1048576K
}
Event: 29.251 GC heap before
{Heap before GC invocations=67 (full 3):
 PSYoungGen      total 19456K, used 19453K [0x00000000d5580000, 0x00000000d7500000, 0x0000000100000000)
  eden space 16896K, 100% used [0x00000000d5580000,0x00000000d6600000,0x00000000d6600000)
  from space 2560K, 99% used [0x00000000d6600000,0x00000000d687f700,0x00000000d6880000)
  to   space 5632K, 0% used [0x00000000d6f80000,0x00000000d6f80000,0x00000000d7500000)
 ParOldGen       total 110080K, used 109735K [0x0000000080000000, 0x0000000086b80000, 0x00000000d5580000)
  object space 110080K, 99% used [0x0000000080000000,0x0000000086b29fc0,0x0000000086b80000)
 Metaspace       used 65055K, committed 66496K, reserved 1114112K
  class space    used 7094K, committed 7744K, reserved 1048576K
}
Event: 29.254 GC heap after
{Heap after GC invocations=67 (full 3):
 PSYoungGen      total 24576K, used 3148K [0x00000000d5580000, 0x00000000d7300000, 0x0000000100000000)
  eden space 20992K, 0% used [0x00000000d5580000,0x00000000d5580000,0x00000000d6a00000)
  from space 3584K, 87% used [0x00000000d6f80000,0x00000000d7293240,0x00000000d7300000)
  to   space 4096K, 0% used [0x00000000d6b00000,0x00000000d6b00000,0x00000000d6f00000)
 ParOldGen       total 112640K, used 112212K [0x0000000080000000, 0x0000000086e00000, 0x00000000d5580000)
  object space 112640K, 99% used [0x0000000080000000,0x0000000086d952a0,0x0000000086e00000)
 Metaspace       used 65055K, committed 66496K, reserved 1114112K
  class space    used 7094K, committed 7744K, reserved 1048576K
}
Event: 29.415 GC heap before
{Heap before GC invocations=68 (full 3):
 PSYoungGen      total 24576K, used 24140K [0x00000000d5580000, 0x00000000d7300000, 0x0000000100000000)
  eden space 20992K, 100% used [0x00000000d5580000,0x00000000d6a00000,0x00000000d6a00000)
  from space 3584K, 87% used [0x00000000d6f80000,0x00000000d7293240,0x00000000d7300000)
  to   space 4096K, 0% used [0x00000000d6b00000,0x00000000d6b00000,0x00000000d6f00000)
 ParOldGen       total 112640K, used 112212K [0x0000000080000000, 0x0000000086e00000, 0x00000000d5580000)
  object space 112640K, 99% used [0x0000000080000000,0x0000000086d952a0,0x0000000086e00000)
 Metaspace       used 65349K, committed 66752K, reserved 1114112K
  class space    used 7114K, committed 7744K, reserved 1048576K
}
Event: 29.420 GC heap after
{Heap after GC invocations=68 (full 3):
 PSYoungGen      total 25088K, used 3685K [0x00000000d5580000, 0x00000000d7200000, 0x0000000100000000)
  eden space 20992K, 0% used [0x00000000d5580000,0x00000000d5580000,0x00000000d6a00000)
  from space 4096K, 89% used [0x00000000d6b00000,0x00000000d6e99728,0x00000000d6f00000)
  to   space 3072K, 0% used [0x00000000d6f00000,0x00000000d6f00000,0x00000000d7200000)
 ParOldGen       total 115200K, used 115148K [0x0000000080000000, 0x0000000087080000, 0x00000000d5580000)
  object space 115200K, 99% used [0x0000000080000000,0x0000000087073110,0x0000000087080000)
 Metaspace       used 65349K, committed 66752K, reserved 1114112K
  class space    used 7114K, committed 7744K, reserved 1048576K
}
Event: 29.552 GC heap before
{Heap before GC invocations=69 (full 3):
 PSYoungGen      total 25088K, used 24677K [0x00000000d5580000, 0x00000000d7200000, 0x0000000100000000)
  eden space 20992K, 100% used [0x00000000d5580000,0x00000000d6a00000,0x00000000d6a00000)
  from space 4096K, 89% used [0x00000000d6b00000,0x00000000d6e99728,0x00000000d6f00000)
  to   space 3072K, 0% used [0x00000000d6f00000,0x00000000d6f00000,0x00000000d7200000)
 ParOldGen       total 115200K, used 115148K [0x0000000080000000, 0x0000000087080000, 0x00000000d5580000)
  object space 115200K, 99% used [0x0000000080000000,0x0000000087073110,0x0000000087080000)
 Metaspace       used 65527K, committed 67008K, reserved 1114112K
  class space    used 7142K, committed 7808K, reserved 1048576K
}

Dll operation events (14 events):
Event: 0.022 Loaded shared library c:\Users\pujak\.vscode\extensions\redhat.java-1.52.0-win32-x64\jre\21.0.9-win32-x86_64\bin\java.dll
Event: 0.155 Loaded shared library c:\Users\pujak\.vscode\extensions\redhat.java-1.52.0-win32-x64\jre\21.0.9-win32-x86_64\bin\zip.dll
Event: 0.192 Loaded shared library C:\Users\pujak\.vscode\extensions\redhat.java-1.52.0-win32-x64\jre\21.0.9-win32-x86_64\bin\instrument.dll
Event: 0.211 Loaded shared library C:\Users\pujak\.vscode\extensions\redhat.java-1.52.0-win32-x64\jre\21.0.9-win32-x86_64\bin\net.dll
Event: 0.217 Loaded shared library C:\Users\pujak\.vscode\extensions\redhat.java-1.52.0-win32-x64\jre\21.0.9-win32-x86_64\bin\nio.dll
Event: 0.226 Loaded shared library C:\Users\pujak\.vscode\extensions\redhat.java-1.52.0-win32-x64\jre\21.0.9-win32-x86_64\bin\zip.dll
Event: 0.261 Loaded shared library C:\Users\pujak\.vscode\extensions\redhat.java-1.52.0-win32-x64\jre\21.0.9-win32-x86_64\bin\jimage.dll
Event: 0.381 Loaded shared library c:\Users\pujak\.vscode\extensions\redhat.java-1.52.0-win32-x64\jre\21.0.9-win32-x86_64\bin\verify.dll
Event: 2.344 Loaded shared library C:\Users\pujak\AppData\Roaming\Code\User\globalStorage\redhat.java\1.52.0\config_win\org.eclipse.equinox.launcher\org.eclipse.equinox.launcher.win32.win32.x86_64_1.2.1500.v20260121-1430\eclipse_11919.dll
Event: 3.815 Loaded shared library C:\Users\pujak\.vscode\extensions\redhat.java-1.52.0-win32-x64\jre\21.0.9-win32-x86_64\bin\management.dll
Event: 3.819 Loaded shared library C:\Users\pujak\.vscode\extensions\redhat.java-1.52.0-win32-x64\jre\21.0.9-win32-x86_64\bin\management_ext.dll
Event: 6.537 Loaded shared library C:\Users\pujak\AppData\Local\Temp\jna-80251192\jna15992431045036067739.dll
Event: 6.724 Loaded shared library C:\Users\pujak\.vscode\extensions\redhat.java-1.52.0-win32-x64\jre\21.0.9-win32-x86_64\bin\sunmscapi.dll
Event: 7.340 Loaded shared library C:\Users\pujak\.vscode\extensions\redhat.java-1.52.0-win32-x64\jre\21.0.9-win32-x86_64\bin\extnet.dll

Deoptimization events (20 events):
Event: 29.370 Thread 0x000002ad21ef6030 DEOPT PACKING pc=0x000002acc695fdfb sp=0x000000daa9efe710
Event: 29.370 Thread 0x000002ad21ef6030 DEOPT UNPACKING pc=0x000002accdca4242 sp=0x000000daa9efdc48 mode 0
Event: 29.393 Thread 0x000002ad21ef6030 DEOPT PACKING pc=0x000002acc695fdfb sp=0x000000daa9efe710
Event: 29.393 Thread 0x000002ad21ef6030 DEOPT UNPACKING pc=0x000002accdca4242 sp=0x000000daa9efdc48 mode 0
Event: 29.426 Thread 0x000002ad21ef3f60 DEOPT PACKING pc=0x000002acc695fdfb sp=0x000000daaa2f8de0
Event: 29.426 Thread 0x000002ad21ef3f60 DEOPT UNPACKING pc=0x000002accdca4242 sp=0x000000daaa2f8318 mode 0
Event: 29.443 Thread 0x000002ad21ef6030 DEOPT PACKING pc=0x000002acc695fdfb sp=0x000000daa9efe710
Event: 29.443 Thread 0x000002ad21ef6030 DEOPT UNPACKING pc=0x000002accdca4242 sp=0x000000daa9efdc48 mode 0
Event: 29.472 Thread 0x000002ad21ef6030 DEOPT PACKING pc=0x000002acc695fdfb sp=0x000000daa9efe710
Event: 29.472 Thread 0x000002ad21ef6030 DEOPT UNPACKING pc=0x000002accdca4242 sp=0x000000daa9efdc48 mode 0
Event: 29.502 Thread 0x000002ad21ef6030 DEOPT PACKING pc=0x000002acc695fdfb sp=0x000000daa9efe710
Event: 29.502 Thread 0x000002ad21ef6030 DEOPT UNPACKING pc=0x000002accdca4242 sp=0x000000daa9efdc48 mode 0
Event: 29.509 Thread 0x000002ad21ef3f60 DEOPT PACKING pc=0x000002acc79bfa9e sp=0x000000daaa2fb330
Event: 29.509 Thread 0x000002ad21ef3f60 DEOPT UNPACKING pc=0x000002accdca4242 sp=0x000000daaa2fa810 mode 0
Event: 29.518 Thread 0x000002ad21ef3f60 DEOPT PACKING pc=0x000002acc6c87939 sp=0x000000daaa2fc160
Event: 29.518 Thread 0x000002ad21ef3f60 DEOPT UNPACKING pc=0x000002accdca4242 sp=0x000000daaa2fb660 mode 0
Event: 29.526 Thread 0x000002ad21ef6030 DEOPT PACKING pc=0x000002acc695fdfb sp=0x000000daa9efe710
Event: 29.526 Thread 0x000002ad21ef6030 DEOPT UNPACKING pc=0x000002accdca4242 sp=0x000000daa9efdc48 mode 0
Event: 29.545 Thread 0x000002ad21ef6030 DEOPT PACKING pc=0x000002acc695fdfb sp=0x000000daa9efe710
Event: 29.545 Thread 0x000002ad21ef6030 DEOPT UNPACKING pc=0x000002accdca4242 sp=0x000000daa9efdc48 mode 0

Classes loaded (20 events):
Event: 23.721 Loading class java/util/stream/Nodes$CollectorTask done
Event: 23.721 Loading class java/util/stream/Nodes$CollectorTask$OfRef done
Event: 23.722 Loading class java/util/function/LongFunction
Event: 23.722 Loading class java/util/function/LongFunction done
Event: 23.723 Loading class java/util/stream/Nodes$ConcNode
Event: 23.723 Loading class java/util/stream/Nodes$AbstractConcNode
Event: 23.724 Loading class java/util/stream/Nodes$AbstractConcNode done
Event: 23.724 Loading class java/util/stream/Nodes$ConcNode done
Event: 23.742 Loading class java/util/Collections$SynchronizedRandomAccessList
Event: 23.742 Loading class java/util/Collections$SynchronizedList
Event: 23.743 Loading class java/util/Collections$SynchronizedList done
Event: 23.743 Loading class java/util/Collections$SynchronizedRandomAccessList done
Event: 23.772 Loading class java/util/concurrent/CompletableFuture$Signaller
Event: 23.772 Loading class java/util/concurrent/CompletableFuture$Signaller done
Event: 23.796 Loading class java/io/FileFilter
Event: 23.796 Loading class java/io/FileFilter done
Event: 23.813 Loading class java/util/CollSer
Event: 23.813 Loading class java/util/CollSer done
Event: 23.969 Loading class java/util/regex/PatternSyntaxException
Event: 23.970 Loading class java/util/regex/PatternSyntaxException done

Classes unloaded (11 events):
Event: 5.693 Thread 0x000002acd9d04200 Unloading class 0x000002acdb1a5400 'java/lang/invoke/LambdaForm$MH+0x000002acdb1a5400'
Event: 5.693 Thread 0x000002acd9d04200 Unloading class 0x000002acdb1a5000 'java/lang/invoke/LambdaForm$MH+0x000002acdb1a5000'
Event: 5.693 Thread 0x000002acd9d04200 Unloading class 0x000002acdb1a4c00 'java/lang/invoke/LambdaForm$MH+0x000002acdb1a4c00'
Event: 5.693 Thread 0x000002acd9d04200 Unloading class 0x000002acdb1a4800 'java/lang/invoke/LambdaForm$MH+0x000002acdb1a4800'
Event: 5.693 Thread 0x000002acd9d04200 Unloading class 0x000002acdb1a4400 'java/lang/invoke/LambdaForm$BMH+0x000002acdb1a4400'
Event: 5.693 Thread 0x000002acd9d04200 Unloading class 0x000002acdb1a4000 'java/lang/invoke/LambdaForm$DMH+0x000002acdb1a4000'
Event: 5.693 Thread 0x000002acd9d04200 Unloading class 0x000002acdb1a2c00 'java/lang/invoke/LambdaForm$DMH+0x000002acdb1a2c00'
Event: 21.069 Thread 0x000002acd9d04200 Unloading class 0x000002acdb63a800 'java/lang/invoke/LambdaForm$DMH+0x000002acdb63a800'
Event: 21.069 Thread 0x000002acd9d04200 Unloading class 0x000002acdb63a400 'java/lang/invoke/LambdaForm$DMH+0x000002acdb63a400'
Event: 21.069 Thread 0x000002acd9d04200 Unloading class 0x000002acdb63ac00 'java/lang/invoke/LambdaForm$DMH+0x000002acdb63ac00'
Event: 21.069 Thread 0x000002acd9d04200 Unloading class 0x000002acdb63a000 'java/lang/invoke/LambdaForm$DMH+0x000002acdb63a000'

Classes redefined (0 events):
No events

Internal exceptions (20 events):
Event: 23.746 Thread 0x000002ad21ef4c80 Exception <a 'sun/nio/fs/WindowsException'{0x00000000d5c92500}> (0x00000000d5c92500) 
thrown [s\src\hotspot\share\prims\jni.cpp, line 520]
Event: 23.824 Thread 0x000002ad21ef4c80 Exception <a 'java/lang/NoSuchMethodError'{0x00000000d569ec40}: static Lorg/eclipse/m2e/core/internal/project/registry/MavenProjectFacade$MavenProjectConfiguration;.<clinit>()V> (0x00000000d569ec40) 
thrown [s\src\hotspot\share\prims\jni.cpp, line 1111]
Event: 23.827 Thread 0x000002ad21ef4c80 Exception <a 'java/lang/NoSuchMethodError'{0x00000000d5716850}: static [J.<clinit>()V> (0x00000000d5716850) 
thrown [s\src\hotspot\share\prims\jni.cpp, line 1111]
Event: 23.858 Thread 0x000002ad21ef4c80 Exception <a 'sun/nio/fs/WindowsException'{0x00000000d5a627d8}> (0x00000000d5a627d8) 
thrown [s\src\hotspot\share\prims\jni.cpp, line 520]
Event: 23.859 Thread 0x000002ad21ef4c80 Exception <a 'sun/nio/fs/WindowsException'{0x00000000d5a63c50}> (0x00000000d5a63c50) 
thrown [s\src\hotspot\share\prims\jni.cpp, line 520]
Event: 23.884 Thread 0x000002ad21ef3f60 Exception <a 'sun/nio/fs/WindowsException'{0x00000000d5bf0860}> (0x00000000d5bf0860) 
thrown [s\src\hotspot\share\prims\jni.cpp, line 520]
Event: 23.884 Thread 0x000002ad21ef3f60 Exception <a 'sun/nio/fs/WindowsException'{0x00000000d5bf1110}> (0x00000000d5bf1110) 
thrown [s\src\hotspot\share\prims\jni.cpp, line 520]
Event: 23.904 Thread 0x000002ad21ef3f60 Exception <a 'sun/nio/fs/WindowsException'{0x00000000d5e93590}> (0x00000000d5e93590) 
thrown [s\src\hotspot\share\prims\jni.cpp, line 520]
Event: 23.904 Thread 0x000002ad21ef3f60 Exception <a 'sun/nio/fs/WindowsException'{0x00000000d5e940b8}> (0x00000000d5e940b8) 
thrown [s\src\hotspot\share\prims\jni.cpp, line 520]
Event: 24.048 Thread 0x000002ad21ef3f60 Exception <a 'java/lang/NoSuchMethodError'{0x00000000d6181a80}: 'int java.lang.invoke.DirectMethodHandle$Holder.invokeStatic(java.lang.Object)'> (0x00000000d6181a80) 
thrown [s\src\hotspot\share\interpreter\linkResolver.cpp, line 773]
Event: 27.492 Thread 0x000002ad21ef3f60 Exception <a 'java/lang/NoSuchMethodError'{0x00000000d57eb4d8}: 'java.lang.Object java.lang.invoke.DirectMethodHandle$Holder.invokeVirtual(java.lang.Object, java.lang.Object, int)'> (0x00000000d57eb4d8) 
thrown [s\src\hotspot\share\interpreter\linkResolver.cpp, line 773]
Event: 27.573 Thread 0x000002ad21ef3f60 Exception <a 'sun/nio/fs/WindowsException'{0x00000000d588d378}> (0x00000000d588d378) 
thrown [s\src\hotspot\share\prims\jni.cpp, line 520]
Event: 27.577 Thread 0x000002ad21142e10 Exception <a 'sun/nio/fs/WindowsException'{0x00000000d590d9c8}> (0x00000000d590d9c8) 
thrown [s\src\hotspot\share\prims\jni.cpp, line 520]
Event: 27.578 Thread 0x000002ad21142e10 Exception <a 'sun/nio/fs/WindowsException'{0x00000000d590ec48}> (0x00000000d590ec48) 
thrown [s\src\hotspot\share\prims\jni.cpp, line 520]
Event: 27.578 Thread 0x000002ad21142e10 Exception <a 'sun/nio/fs/WindowsException'{0x00000000d5911498}> (0x00000000d5911498) 
thrown [s\src\hotspot\share\prims\jni.cpp, line 520]
Event: 27.579 Thread 0x000002ad211441c0 Exception <a 'sun/nio/fs/WindowsException'{0x00000000d5918fc0}> (0x00000000d5918fc0) 
thrown [s\src\hotspot\share\prims\jni.cpp, line 520]
Event: 27.588 Thread 0x000002ad21144850 Exception <a 'sun/nio/fs/WindowsException'{0x00000000d593be70}> (0x00000000d593be70) 
thrown [s\src\hotspot\share\prims\jni.cpp, line 520]
Event: 27.589 Thread 0x000002ad21144ee0 Exception <a 'sun/nio/fs/WindowsException'{0x00000000d5926598}> (0x00000000d5926598) 
thrown [s\src\hotspot\share\prims\jni.cpp, line 520]
Event: 27.590 Thread 0x000002ad21146920 Exception <a 'sun/nio/fs/WindowsException'{0x00000000d5951918}> (0x00000000d5951918) 
thrown [s\src\hotspot\share\prims\jni.cpp, line 520]
Event: 27.592 Thread 0x000002ad21145570 Exception <a 'sun/nio/fs/WindowsException'{0x00000000d5946968}> (0x00000000d5946968) 
thrown [s\src\hotspot\share\prims\jni.cpp, line 520]

ZGC Phase Switch (0 events):
No events

VM Operations (20 events):
Event: 24.265 Executing VM operation: ParallelGCFailedAllocation (Allocation Failure) done
Event: 24.329 Executing VM operation: ParallelGCFailedAllocation (Allocation Failure)
Event: 25.346 Executing VM operation: ParallelGCFailedAllocation (Allocation Failure) done
Event: 25.431 Executing VM operation: ParallelGCFailedAllocation (Allocation Failure)
Event: 27.440 Executing VM operation: ParallelGCFailedAllocation (Allocation Failure) done
Event: 27.505 Executing VM operation: HandshakeAllThreads (Deoptimize)
Event: 27.506 Executing VM operation: HandshakeAllThreads (Deoptimize) done
Event: 27.535 Executing VM operation: ParallelGCFailedAllocation (Allocation Failure)
Event: 27.538 Executing VM operation: ParallelGCFailedAllocation (Allocation Failure) done
Event: 27.639 Executing VM operation: ParallelGCFailedAllocation (Allocation Failure)
Event: 28.644 Executing VM operation: ParallelGCFailedAllocation (Allocation Failure) done
Event: 28.967 Executing VM operation: ParallelGCFailedAllocation (Allocation Failure)
Event: 28.970 Executing VM operation: ParallelGCFailedAllocation (Allocation Failure) done
Event: 29.109 Executing VM operation: ParallelGCFailedAllocation (Allocation Failure)
Event: 29.113 Executing VM operation: ParallelGCFailedAllocation (Allocation Failure) done
Event: 29.251 Executing VM operation: ParallelGCFailedAllocation (Allocation Failure)
Event: 29.254 Executing VM operation: ParallelGCFailedAllocation (Allocation Failure) done
Event: 29.415 Executing VM operation: ParallelGCFailedAllocation (Allocation Failure)
Event: 29.421 Executing VM operation: ParallelGCFailedAllocation (Allocation Failure) done
Event: 29.552 Executing VM operation: ParallelGCFailedAllocation (Allocation Failure)

Memory protections (0 events):
No events

Nmethod flushes (20 events):
Event: 21.129 Thread 0x000002acd9d04200 flushing  nmethod 0x000002acc6f51410
Event: 21.129 Thread 0x000002acd9d04200 flushing  nmethod 0x000002acc6f51b10
Event: 21.129 Thread 0x000002acd9d04200 flushing  nmethod 0x000002acc6f52a10
Event: 21.129 Thread 0x000002acd9d04200 flushing  nmethod 0x000002acc6f53890
Event: 21.129 Thread 0x000002acd9d04200 flushing  nmethod 0x000002acc6f54110
Event: 21.129 Thread 0x000002acd9d04200 flushing  nmethod 0x000002acc6f54490
Event: 21.129 Thread 0x000002acd9d04200 flushing  nmethod 0x000002acc6f55f10
Event: 21.129 Thread 0x000002acd9d04200 flushing  nmethod 0x000002acc6f5d190
Event: 21.129 Thread 0x000002acd9d04200 flushing  nmethod 0x000002acc6f61c90
Event: 21.129 Thread 0x000002acd9d04200 flushing  nmethod 0x000002acc6f6dc10
Event: 21.129 Thread 0x000002acd9d04200 flushing  nmethod 0x000002acc6f7d590
Event: 21.129 Thread 0x000002acd9d04200 flushing  nmethod 0x000002acc6f9a210
Event: 21.129 Thread 0x000002acd9d04200 flushing  nmethod 0x000002acc6f9b790
Event: 21.129 Thread 0x000002acd9d04200 flushing  nmethod 0x000002acc6f9fd90
Event: 21.129 Thread 0x000002acd9d04200 flushing  nmethod 0x000002acc6fade10
Event: 21.129 Thread 0x000002acd9d04200 flushing  nmethod 0x000002acc6fe9510
Event: 21.129 Thread 0x000002acd9d04200 flushing  nmethod 0x000002acc700ae90
Event: 21.129 Thread 0x000002acd9d04200 flushing  nmethod 0x000002acc7025510
Event: 21.129 Thread 0x000002acd9d04200 flushing  nmethod 0x000002acc7031b90
Event: 21.129 Thread 0x000002acd9d04200 flushing  nmethod 0x000002acc704bc10

Events (20 events):
Event: 27.578 Thread 0x000002ad21142e10 Thread added: 0x000002ad21143b30
Event: 27.578 Thread 0x000002ad211441c0 Thread added: 0x000002ad21144ee0
Event: 27.579 Thread 0x000002ad211441c0 Thread added: 0x000002ad21144850
Event: 27.579 Thread 0x000002ad21144ee0 Thread added: 0x000002ad21146920
Event: 27.581 Thread 0x000002ad21143b30 Thread added: 0x000002ad21145570
Event: 27.587 Thread 0x000002ad21144850 Thread added: 0x000002ad21145c00
Event: 27.588 Thread 0x000002ad21144850 Thread added: 0x000002ad21146290
Event: 27.591 Thread 0x000002ad211441c0 Thread added: 0x000002ad211434a0
Event: 27.592 Thread 0x000002ad21145570 Thread added: 0x000002ad211489f0
Event: 27.592 Thread 0x000002ad21144850 Thread added: 0x000002ad21149710
Event: 28.681 Thread 0x000002ad21ef3f60 Thread added: 0x000002ad21146fb0
Event: 28.681 Thread 0x000002ad21ef3f60 Thread added: 0x000002ad21147cd0
Event: 28.681 Thread 0x000002ad21ef3f60 Thread added: 0x000002ad2114a430
Event: 28.681 Thread 0x000002ad21ef3f60 Thread added: 0x000002ad21147640
Event: 28.681 Thread 0x000002ad21ef3f60 Thread added: 0x000002ad21149da0
Event: 28.681 Thread 0x000002ad21ef3f60 Thread added: 0x000002ad21148360
Event: 28.681 Thread 0x000002ad21ef3f60 Thread added: 0x000002ad21149080
Event: 28.682 Thread 0x000002ad21ef3f60 Thread added: 0x000002ad248e5320
Event: 28.682 Thread 0x000002ad21ef3f60 Thread added: 0x000002ad248e66d0
Event: 28.682 Thread 0x000002ad21ef3f60 Thread added: 0x000002ad248e7a80


Dynamic libraries:
0x00007ff67c6e0000 - 0x00007ff67c6ee000 	c:\Users\pujak\.vscode\extensions\redhat.java-1.52.0-win32-x64\jre\21.0.9-win32-x86_64\bin\java.exe
0x00007ffb349e0000 - 0x00007ffb34c47000 	C:\WINDOWS\SYSTEM32\ntdll.dll
0x00007ffb33db0000 - 0x00007ffb33e79000 	C:\WINDOWS\System32\KERNEL32.DLL
0x00007ffb31ef0000 - 0x00007ffb322df000 	C:\WINDOWS\System32\KERNELBASE.dll
0x00007ffb31da0000 - 0x00007ffb31eeb000 	C:\WINDOWS\System32\ucrtbase.dll
0x00007ffb01cf0000 - 0x00007ffb01d0e000 	c:\Users\pujak\.vscode\extensions\redhat.java-1.52.0-win32-x64\jre\21.0.9-win32-x86_64\bin\VCRUNTIME140.dll
0x00007ffb01d10000 - 0x00007ffb01d28000 	c:\Users\pujak\.vscode\extensions\redhat.java-1.52.0-win32-x64\jre\21.0.9-win32-x86_64\bin\jli.dll
0x00007ffb32810000 - 0x00007ffb329d5000 	C:\WINDOWS\System32\USER32.dll
0x00007ffb32750000 - 0x00007ffb32777000 	C:\WINDOWS\System32\win32u.dll
0x00007ffb101e0000 - 0x00007ffb10473000 	C:\WINDOWS\WinSxS\amd64_microsoft.windows.common-controls_6595b64144ccf1df_6.0.26100.7309_none_3e05feeae336a044\COMCTL32.dll
0x00007ffb348f0000 - 0x00007ffb34999000 	C:\WINDOWS\System32\msvcrt.dll
0x00007ffb33ff0000 - 0x00007ffb3401b000 	C:\WINDOWS\System32\GDI32.dll
0x00007ffb31be0000 - 0x00007ffb31d0c000 	C:\WINDOWS\System32\gdi32full.dll
0x00007ffb326a0000 - 0x00007ffb32743000 	C:\WINDOWS\System32\msvcp_win.dll
0x00007ffb33fb0000 - 0x00007ffb33fe1000 	C:\WINDOWS\System32\IMM32.DLL
0x00007ffb0ea30000 - 0x00007ffb0ea3c000 	c:\Users\pujak\.vscode\extensions\redhat.java-1.52.0-win32-x64\jre\21.0.9-win32-x86_64\bin\vcruntime140_1.dll
0x00007ffad3ae0000 - 0x00007ffad3b6d000 	c:\Users\pujak\.vscode\extensions\redhat.java-1.52.0-win32-x64\jre\21.0.9-win32-x86_64\bin\msvcp140.dll
0x00007ffa73c20000 - 0x00007ffa749c0000 	c:\Users\pujak\.vscode\extensions\redhat.java-1.52.0-win32-x64\jre\21.0.9-win32-x86_64\bin\server\jvm.dll
0x00007ffb33c80000 - 0x00007ffb33d34000 	C:\WINDOWS\System32\ADVAPI32.dll
0x00007ffb33270000 - 0x00007ffb33316000 	C:\WINDOWS\System32\sechost.dll
0x00007ffb33380000 - 0x00007ffb33498000 	C:\WINDOWS\System32\RPCRT4.dll
0x00007ffb33e90000 - 0x00007ffb33f04000 	C:\WINDOWS\System32\WS2_32.dll
0x00007ffb259a0000 - 0x00007ffb259d5000 	C:\WINDOWS\SYSTEM32\WINMM.dll
0x00007ffb2a610000 - 0x00007ffb2a61b000 	C:\WINDOWS\SYSTEM32\VERSION.dll
0x00007ffb31990000 - 0x00007ffb319ee000 	C:\WINDOWS\SYSTEM32\POWRPROF.dll
0x00007ffb31970000 - 0x00007ffb31984000 	C:\WINDOWS\SYSTEM32\UMPDC.dll
0x00007ffb308e0000 - 0x00007ffb308fb000 	C:\WINDOWS\SYSTEM32\kernel.appcore.dll
0x00007ffb0e0d0000 - 0x00007ffb0e0da000 	c:\Users\pujak\.vscode\extensions\redhat.java-1.52.0-win32-x64\jre\21.0.9-win32-x86_64\bin\jimage.dll
0x00007ffb24b60000 - 0x00007ffb24da2000 	C:\WINDOWS\SYSTEM32\DBGHELP.DLL
0x00007ffb329e0000 - 0x00007ffb32d66000 	C:\WINDOWS\System32\combase.dll
0x00007ffb34810000 - 0x00007ffb348e6000 	C:\WINDOWS\System32\OLEAUT32.dll
0x00007ffb0d070000 - 0x00007ffb0d0ac000 	C:\WINDOWS\SYSTEM32\dbgcore.DLL
0x00007ffb31b30000 - 0x00007ffb31bd5000 	C:\WINDOWS\System32\bcryptPrimitives.dll
0x00007ffb08990000 - 0x00007ffb0899f000 	c:\Users\pujak\.vscode\extensions\redhat.java-1.52.0-win32-x64\jre\21.0.9-win32-x86_64\bin\instrument.dll
0x00007ffafdaa0000 - 0x00007ffafdac0000 	c:\Users\pujak\.vscode\extensions\redhat.java-1.52.0-win32-x64\jre\21.0.9-win32-x86_64\bin\java.dll
0x00007ffb340b0000 - 0x00007ffb34803000 	C:\WINDOWS\System32\SHELL32.dll
0x00007ffb322f0000 - 0x00007ffb3245a000 	C:\WINDOWS\System32\wintypes.dll
0x00007ffb2f710000 - 0x00007ffb2ff6e000 	C:\WINDOWS\SYSTEM32\windows.storage.dll
0x00007ffb334f0000 - 0x00007ffb335e5000 	C:\WINDOWS\System32\SHCORE.dll
0x00007ffb33d40000 - 0x00007ffb33da6000 	C:\WINDOWS\System32\shlwapi.dll
0x00007ffb31a50000 - 0x00007ffb31a79000 	C:\WINDOWS\SYSTEM32\profapi.dll
0x00007ffafb3a0000 - 0x00007ffafb3b8000 	c:\Users\pujak\.vscode\extensions\redhat.java-1.52.0-win32-x64\jre\21.0.9-win32-x86_64\bin\zip.dll
0x00007ffb08840000 - 0x00007ffb08850000 	C:\Users\pujak\.vscode\extensions\redhat.java-1.52.0-win32-x64\jre\21.0.9-win32-x86_64\bin\net.dll
0x00007ffb2c110000 - 0x00007ffb2c238000 	C:\WINDOWS\SYSTEM32\WINHTTP.dll
0x00007ffb30e50000 - 0x00007ffb30ebb000 	C:\WINDOWS\system32\mswsock.dll
0x00007ffaecca0000 - 0x00007ffaeccb6000 	C:\Users\pujak\.vscode\extensions\redhat.java-1.52.0-win32-x64\jre\21.0.9-win32-x86_64\bin\nio.dll
0x00007ffb084c0000 - 0x00007ffb084d0000 	c:\Users\pujak\.vscode\extensions\redhat.java-1.52.0-win32-x64\jre\21.0.9-win32-x86_64\bin\verify.dll
0x00007ffadf0a0000 - 0x00007ffadf0e5000 	C:\Users\pujak\AppData\Roaming\Code\User\globalStorage\redhat.java\1.52.0\config_win\org.eclipse.equinox.launcher\org.eclipse.equinox.launcher.win32.win32.x86_64_1.2.1500.v20260121-1430\eclipse_11919.dll
0x00007ffb32d70000 - 0x00007ffb32f07000 	C:\WINDOWS\System32\ole32.dll
0x00007ffb04e60000 - 0x00007ffb04e6a000 	C:\Users\pujak\.vscode\extensions\redhat.java-1.52.0-win32-x64\jre\21.0.9-win32-x86_64\bin\management.dll
0x00007ffb04a90000 - 0x00007ffb04a9c000 	C:\Users\pujak\.vscode\extensions\redhat.java-1.52.0-win32-x64\jre\21.0.9-win32-x86_64\bin\management_ext.dll
0x00007ffb32800000 - 0x00007ffb32808000 	C:\WINDOWS\System32\PSAPI.DLL
0x00007ffb31110000 - 0x00007ffb3112b000 	C:\WINDOWS\SYSTEM32\CRYPTSP.dll
0x00007ffb30840000 - 0x00007ffb3087a000 	C:\WINDOWS\system32\rsaenh.dll
0x00007ffb30f00000 - 0x00007ffb30f2b000 	C:\WINDOWS\SYSTEM32\USERENV.dll
0x00007ffb31a20000 - 0x00007ffb31a4a000 	C:\WINDOWS\SYSTEM32\bcrypt.dll
0x00007ffb31130000 - 0x00007ffb3113c000 	C:\WINDOWS\SYSTEM32\CRYPTBASE.dll
0x00007ffb30420000 - 0x00007ffb30454000 	C:\WINDOWS\SYSTEM32\IPHLPAPI.DLL
0x00007ffb33c70000 - 0x00007ffb33c7a000 	C:\WINDOWS\System32\NSI.dll
0x00007ffaea0c0000 - 0x00007ffaea109000 	C:\Users\pujak\AppData\Local\Temp\jna-80251192\jna15992431045036067739.dll
0x00007ffb2c2f0000 - 0x00007ffb2c30e000 	C:\WINDOWS\SYSTEM32\dhcpcsvc6.DLL
0x00007ffb2c240000 - 0x00007ffb2c263000 	C:\WINDOWS\SYSTEM32\dhcpcsvc.DLL
0x00007ffb249c0000 - 0x00007ffb249ce000 	C:\Users\pujak\.vscode\extensions\redhat.java-1.52.0-win32-x64\jre\21.0.9-win32-x86_64\bin\sunmscapi.dll
0x00007ffb32520000 - 0x00007ffb32697000 	C:\WINDOWS\System32\CRYPT32.dll
0x00007ffb31330000 - 0x00007ffb31360000 	C:\WINDOWS\SYSTEM32\ncrypt.dll
0x00007ffb312e0000 - 0x00007ffb3131f000 	C:\WINDOWS\SYSTEM32\NTASN1.dll
0x00007ffb30460000 - 0x00007ffb3058c000 	C:\WINDOWS\SYSTEM32\DNSAPI.dll
0x00007ffb2aa70000 - 0x00007ffb2aa7b000 	C:\Windows\System32\rasadhlp.dll
0x00007ffb2c420000 - 0x00007ffb2c4a6000 	C:\WINDOWS\System32\fwpuclnt.dll
0x00007ffafed80000 - 0x00007ffafed89000 	C:\Users\pujak\.vscode\extensions\redhat.java-1.52.0-win32-x64\jre\21.0.9-win32-x86_64\bin\extnet.dll

JVMTI agents:
c:\Users\pujak\.vscode\extensions\redhat.java-1.52.0-win32-x64\lombok\lombok-1.18.39-4050.jar path:c:\Users\pujak\.vscode\extensions\redhat.java-1.52.0-win32-x64\jre\21.0.9-win32-x86_64\bin\instrument.dll, loaded, initialized, instrumentlib options:none

dbghelp: loaded successfully - version: 4.0.5 - missing functions: none
symbol engine: initialized successfully - sym options: 0x614 - pdb path: .;c:\Users\pujak\.vscode\extensions\redhat.java-1.52.0-win32-x64\jre\21.0.9-win32-x86_64\bin;C:\WINDOWS\SYSTEM32;C:\WINDOWS\WinSxS\amd64_microsoft.windows.common-controls_6595b64144ccf1df_6.0.26100.7309_none_3e05feeae336a044;c:\Users\pujak\.vscode\extensions\redhat.java-1.52.0-win32-x64\jre\21.0.9-win32-x86_64\bin\server;C:\Users\pujak\AppData\Roaming\Code\User\globalStorage\redhat.java\1.52.0\config_win\org.eclipse.equinox.launcher\org.eclipse.equinox.launcher.win32.win32.x86_64_1.2.1500.v20260121-1430;C:\Users\pujak\AppData\Local\Temp\jna-80251192

VM Arguments:
jvm_args: --add-modules=ALL-SYSTEM --add-opens=java.base/java.util=ALL-UNNAMED --add-opens=java.base/java.lang=ALL-UNNAMED --add-opens=java.base/sun.nio.fs=ALL-UNNAMED -Declipse.application=org.eclipse.jdt.ls.core.id1 -Dosgi.bundles.defaultStartLevel=4 -Declipse.product=org.eclipse.jdt.ls.core.product -Djava.import.generatesMetadataFilesAtProjectRoot=false -DDetectVMInstallationsJob.disabled=true -Dfile.encoding=utf8 -XX:+UseParallelGC -XX:GCTimeRatio=4 -XX:AdaptiveSizePolicyWeight=90 -Dsun.zip.disableMemoryMapping=true -Xmx2G -Xms100m -Xlog:disable -javaagent:c:\Users\pujak\.vscode\extensions\redhat.java-1.52.0-win32-x64\lombok\lombok-1.18.39-4050.jar -XX:+HeapDumpOnOutOfMemoryError -XX:HeapDumpPath=c:\Users\pujak\AppData\Roaming\Code\User\workspaceStorage\b97078b75bcdd57789704d8281967d4b\redhat.java -Daether.dependencyCollector.impl=bf 
java_command: c:\Users\pujak\.vscode\extensions\redhat.java-1.52.0-win32-x64\server\plugins\org.eclipse.equinox.launcher_1.7.100.v20251111-0406.jar -configuration c:\Users\pujak\AppData\Roaming\Code\User\globalStorage\redhat.java\1.52.0\config_win -data c:\Users\pujak\AppData\Roaming\Code\User\workspaceStorage\b97078b75bcdd57789704d8281967d4b\redhat.java\jdt_ws --pipe=\\.\pipe\lsp-eddcfd011c26b7e3c06011e1bd6bc1f9-sock
java_class_path (initial): c:\Users\pujak\.vscode\extensions\redhat.java-1.52.0-win32-x64\server\plugins\org.eclipse.equinox.launcher_1.7.100.v20251111-0406.jar
Launcher Type: SUN_STANDARD

[Global flags]
    uintx AdaptiveSizePolicyWeight                 = 90                                        {product} {command line}
     intx CICompilerCount                          = 4                                         {product} {ergonomic}
    uintx GCTimeRatio                              = 4                                         {product} {command line}
     bool HeapDumpOnOutOfMemoryError               = true                                   {manageable} {command line}
    ccstr HeapDumpPath                             = c:\Users\pujak\AppData\Roaming\Code\User\workspaceStorage\b97078b75bcdd57789704d8281967d4b\redhat.java         {manageable} {command line}
   size_t InitialHeapSize                          = 104857600                                 {product} {command line}
   size_t MaxHeapSize                              = 2147483648                                {product} {command line}
   size_t MaxNewSize                               = 715653120                                 {product} {ergonomic}
   size_t MinHeapDeltaBytes                        = 524288                                    {product} {ergonomic}
   size_t MinHeapSize                              = 104857600                                 {product} {command line}
   size_t NewSize                                  = 34603008                                  {product} {ergonomic}
    uintx NonNMethodCodeHeapSize                   = 5839372                                {pd product} {ergonomic}
    uintx NonProfiledCodeHeapSize                  = 122909434                              {pd product} {ergonomic}
   size_t OldSize                                  = 70254592                                  {product} {ergonomic}
    uintx ProfiledCodeHeapSize                     = 122909434                              {pd product} {ergonomic}
    uintx ReservedCodeCacheSize                    = 251658240                              {pd product} {ergonomic}
     bool SegmentedCodeCache                       = true                                      {product} {ergonomic}
   size_t SoftMaxHeapSize                          = 2147483648                             {manageable} {ergonomic}
     bool UseCompressedOops                        = true                           {product lp64_product} {ergonomic}
     bool UseLargePagesIndividualAllocation        = false                                  {pd product} {ergonomic}
     bool UseParallelGC                            = true                                      {product} {command line}

Logging:
Log output configuration:
 #0: stdout all=off uptime,level,tags foldmultilines=false
 #1: stderr all=off uptime,level,tags foldmultilines=false

Release file:
JAVA_VERSION="21.0.9" 
MODULES="java.base java.compiler java.datatransfer java.xml java.prefs java.desktop java.instrument java.logging java.management java.security.sasl java.naming java.rmi java.management.rmi java.net.http java.scripting java.security.jgss java.transaction.xa java.sql java.sql.rowset java.xml.crypto java.se java.smartcardio jdk.accessibility jdk.internal.jvmstat jdk.attach jdk.charsets jdk.internal.opt jdk.zipfs jdk.compiler jdk.crypto.ec jdk.crypto.cryptoki jdk.crypto.mscapi jdk.dynalink jdk.internal.ed jdk.editpad jdk.hotspot.agent jdk.httpserver jdk.internal.le jdk.internal.vm.ci jdk.internal.vm.compiler jdk.internal.vm.compiler.management jdk.jartool jdk.javadoc jdk.jcmd jdk.management jdk.management.agent jdk.jconsole jdk.jdeps jdk.jdwp.agent jdk.jdi jdk.jfr jdk.jshell jdk.jsobject jdk.jstatd jdk.localedata jdk.management.jfr jdk.naming.dns jdk.naming.rmi jdk.net jdk.nio.mapmode jdk.random jdk.sctp jdk.security.auth jdk.security.jgss jdk.unsupported jdk.unsupported.desktop jdk.xml.dom" 

Environment Variables:
PATH=C:\Program Files\Common Files\Oracle\Java\javapath;C:\windows\system32;C:\windows;C:\windows\System32\Wbem;C:\windows\System32\WindowsPowerShell\v1.0\;C:\windows\System32\OpenSSH\;C:\Program Files (x86)\NVIDIA Corporation\PhysX\Common;C:\Program Files\NVIDIA Corporation\NVIDIA NvDLISR;C:\Users\Administrator\AppData\Local\Microsoft\WindowsApps;C:\Program Files\HP\OMEN-Broadcast\Common;C:\Program Files\HP\HP One Agent;;C:\WINDOWS\system32;C:\WINDOWS;C:\WINDOWS\System32\Wbem;C:\WINDOWS\System32\WindowsPowerShell\v1.0\;C:\WINDOWS\System32\OpenSSH\;C:\Program Files\nodejs\;C:\Program Files\MySQL\MySQL Shell 8.0\bin\;C:\Users\pujak\AppData\Local\Programs\Python\Launcher\;C:\Users\pujak\AppData\Local\Microsoft\WindowsApps;;C:\Users\pujak\AppData\Local\Programs\Microsoft VS Code\bin;C:\Users\pujak\AppData\Roaming\npm
USERNAME=Surya
OS=Windows_NT
PROCESSOR_IDENTIFIER=AMD64 Family 25 Model 68 Stepping 1, AuthenticAMD
TMP=C:\Users\pujak\AppData\Local\Temp
TEMP=C:\Users\pujak\AppData\Local\Temp




Periodic native trim disabled

---------------  S Y S T E M  ---------------

OS:
 Windows 11 , 64 bit Build 26100 (10.0.26100.7623)
OS uptime: 15 days 12:27 hours
Hyper-V role detected

CPU: total 12 (initial active 12) (12 cores per cpu, 2 threads per core) family 25 model 68 stepping 1 microcode 0xa404107, cx8, cmov, fxsr, ht, mmx, 3dnowpref, sse, sse2, sse3, ssse3, sse4a, sse4.1, sse4.2, popcnt, lzcnt, tsc, tscinvbit, avx, avx2, aes, erms, clmul, bmi1, bmi2, adx, sha, fma, vzeroupper, clflush, clflushopt, hv, rdtscp, rdpid, fsrm, f16c, cet_ss
Processor Information for processor 0
  Max Mhz: 3301, Current Mhz: 2635, Mhz Limit: 3301
Processor Information for processor 1
  Max Mhz: 3301, Current Mhz: 3301, Mhz Limit: 3301
Processor Information for processor 2
  Max Mhz: 3301, Current Mhz: 2635, Mhz Limit: 3301
Processor Information for processor 3
  Max Mhz: 3301, Current Mhz: 2635, Mhz Limit: 3301
Processor Information for processor 4
  Max Mhz: 3301, Current Mhz: 3301, Mhz Limit: 3301
Processor Information for processor 5
  Max Mhz: 3301, Current Mhz: 3301, Mhz Limit: 3301
Processor Information for processor 6
  Max Mhz: 3301, Current Mhz: 3301, Mhz Limit: 3301
Processor Information for processor 7
  Max Mhz: 3301, Current Mhz: 2635, Mhz Limit: 3301
Processor Information for processor 8
  Max Mhz: 3301, Current Mhz: 2635, Mhz Limit: 3301
Processor Information for processor 9
  Max Mhz: 3301, Current Mhz: 2635, Mhz Limit: 3301
Processor Information for processor 10
  Max Mhz: 3301, Current Mhz: 3301, Mhz Limit: 3301
Processor Information for processor 11
  Max Mhz: 3301, Current Mhz: 2635, Mhz Limit: 3301

Memory: 4k page, system-wide physical 7381M (91M free)
TotalPageFile size 29909M (AvailPageFile size 6M)
current process WorkingSet (physical memory assigned to process): 281M, peak: 315M
current process commit charge ("private bytes"): 450M, peak: 452M

vm_info: OpenJDK 64-Bit Server VM (21.0.9+10-LTS) for windows-amd64 JRE (21.0.9+10-LTS), built on 2025-10-21T00:00:00Z by "admin" with unknown MS VC++:1942

END.
