#
# There is insufficient memory for the Java Runtime Environment to continue.
# Native memory allocation (malloc) failed to allocate 1560656 bytes. Error detail: Chunk::new
# Possible reasons:
#   The system is out of physical RAM or swap space
#   This process is running with CompressedOops enabled, and the Java Heap may be blocking the growth of the native heap
# Possible solutions:
#   Reduce memory load on the system
#   Increase physical memory or swap space
#   Check if swap backing store is full
#   Decrease Java heap size (-Xmx/-Xms)
#   Decrease number of Java threads
#   Decrease Java thread stack sizes (-Xss)
#   Set larger code cache with -XX:ReservedCodeCacheSize=
#   JVM is running with Unscaled Compressed Oops mode in which the Java heap is
#     placed in the first 4GB address space. The Java Heap base address is the
#     maximum limit for the native heap growth. Please use -XX:HeapBaseMinAddress
#     to set the Java Heap base and to place the Java Heap above 4GB virtual address.
# This output file may be truncated or incomplete.
#
#  Out of Memory Error (arena.cpp:168), pid=28248, tid=4524
#
# JRE version: OpenJDK Runtime Environment Temurin-21.0.9+10 (21.0.9+10) (build 21.0.9+10-LTS)
# Java VM: OpenJDK 64-Bit Server VM Temurin-21.0.9+10 (21.0.9+10-LTS, mixed mode, sharing, tiered, compressed oops, compressed class ptrs, parallel gc, windows-amd64)
# No core dump will be written. Minidumps are not enabled by default on client versions of Windows
#

---------------  S U M M A R Y ------------

Command Line: --add-modules=ALL-SYSTEM --add-opens=java.base/java.util=ALL-UNNAMED --add-opens=java.base/java.lang=ALL-UNNAMED --add-opens=java.base/sun.nio.fs=ALL-UNNAMED -Declipse.application=org.eclipse.jdt.ls.core.id1 -Dosgi.bundles.defaultStartLevel=4 -Declipse.product=org.eclipse.jdt.ls.core.product -Djava.import.generatesMetadataFilesAtProjectRoot=false -DDetectVMInstallationsJob.disabled=true -Dfile.encoding=utf8 -XX:+UseParallelGC -XX:GCTimeRatio=4 -XX:AdaptiveSizePolicyWeight=90 -Dsun.zip.disableMemoryMapping=true -Xmx2G -Xms100m -Xlog:disable -javaagent:c:\Users\pujak\.vscode\extensions\redhat.java-1.52.0-win32-x64\lombok\lombok-1.18.39-4050.jar c:\Users\pujak\.vscode\extensions\redhat.java-1.52.0-win32-x64\server\plugins\org.eclipse.equinox.launcher_1.7.100.v20251111-0406.jar -configuration c:\Users\pujak\AppData\Roaming\Code\User\globalStorage\redhat.java\1.52.0\config_ss_win -data c:\Users\pujak\AppData\Roaming\Code\User\workspaceStorage\b97078b75bcdd57789704d8281967d4b\redhat.java\ss_ws --pipe=\\.\pipe\lsp-d97c83d60fdac65ddefb5d3cb6a0cec7-sock

Host: AMD Ryzen 5 7535HS with Radeon Graphics        , 12 cores, 7G,  Windows 11 , 64 bit Build 26100 (10.0.26100.7623)
Time: Fri Feb 13 23:00:23 2026 Nepal Standard Time elapsed time: 5.321204 seconds (0d 0h 0m 5s)

---------------  T H R E A D  ---------------

Current thread (0x000001fb65ab8270):  JavaThread "C2 CompilerThread0" daemon [_thread_in_native, id=4524, stack(0x0000003df3400000,0x0000003df3500000) (1024K)]


Current CompileTask:
C2:5321 2582       4       org.lombokweb.asm.ClassReader::readMethod (1070 bytes)

Stack: [0x0000003df3400000,0x0000003df3500000]
Native frames: (J=compiled Java code, j=interpreted, Vv=VM code, C=native code)
V  [jvm.dll+0x6d6e29]
V  [jvm.dll+0x8b4b76]
V  [jvm.dll+0x8b712e]
V  [jvm.dll+0x8b7813]
V  [jvm.dll+0x283d86]
V  [jvm.dll+0xc66ed]
V  [jvm.dll+0xc6c31]
V  [jvm.dll+0x3be501]
V  [jvm.dll+0x38ab92]
V  [jvm.dll+0x389fda]
V  [jvm.dll+0x24bfa0]
V  [jvm.dll+0x24b580]
V  [jvm.dll+0x1cb13e]
V  [jvm.dll+0x25b29d]
V  [jvm.dll+0x25982a]
V  [jvm.dll+0x3f7ea6]
V  [jvm.dll+0x85e9ad]
V  [jvm.dll+0x6d565d]
C  [ucrtbase.dll+0x37b0]
C  [KERNEL32.DLL+0x2e8d7]
C  [ntdll.dll+0x8c53c]


---------------  P R O C E S S  ---------------

Threads class SMR info:
_java_thread_list=0x000001fb6acfa440, length=20, elements={
0x000001fb4b2bc470, 0x000001fb63a7db40, 0x000001fb65a923a0, 0x000001fb65a95a70,
0x000001fb65a98820, 0x000001fb65aa4270, 0x000001fb65aa4900, 0x000001fb65ab8270,
0x000001fb65abc330, 0x000001fb65aa4f90, 0x000001fb65aa3550, 0x000001fb65aa3be0,
0x000001fb65aa5620, 0x000001fb65aa5cb0, 0x000001fb65aa2830, 0x000001fb65aa2ec0,
0x000001fb6a5936b0, 0x000001fb6a591c70, 0x000001fb6bd74c80, 0x000001fb6b1ac740
}

Java Threads: ( => current thread )
  0x000001fb4b2bc470 JavaThread "main"                              [_thread_blocked, id=32424, stack(0x0000003df2a00000,0x0000003df2b00000) (1024K)]
  0x000001fb63a7db40 JavaThread "Reference Handler"          daemon [_thread_blocked, id=26644, stack(0x0000003df2e00000,0x0000003df2f00000) (1024K)]
  0x000001fb65a923a0 JavaThread "Finalizer"                  daemon [_thread_blocked, id=23384, stack(0x0000003df2f00000,0x0000003df3000000) (1024K)]
  0x000001fb65a95a70 JavaThread "Signal Dispatcher"          daemon [_thread_blocked, id=29640, stack(0x0000003df3000000,0x0000003df3100000) (1024K)]
  0x000001fb65a98820 JavaThread "Attach Listener"            daemon [_thread_blocked, id=33308, stack(0x0000003df3100000,0x0000003df3200000) (1024K)]
  0x000001fb65aa4270 JavaThread "Service Thread"             daemon [_thread_blocked, id=16440, stack(0x0000003df3200000,0x0000003df3300000) (1024K)]
  0x000001fb65aa4900 JavaThread "Monitor Deflation Thread"   daemon [_thread_blocked, id=30796, stack(0x0000003df3300000,0x0000003df3400000) (1024K)]
=>0x000001fb65ab8270 JavaThread "C2 CompilerThread0"         daemon [_thread_in_native, id=4524, stack(0x0000003df3400000,0x0000003df3500000) (1024K)]
  0x000001fb65abc330 JavaThread "C1 CompilerThread0"         daemon [_thread_blocked, id=24664, stack(0x0000003df3500000,0x0000003df3600000) (1024K)]
  0x000001fb65aa4f90 JavaThread "Common-Cleaner"             daemon [_thread_blocked, id=11948, stack(0x0000003df3700000,0x0000003df3800000) (1024K)]
  0x000001fb65aa3550 JavaThread "Notification Thread"        daemon [_thread_blocked, id=12472, stack(0x0000003df3800000,0x0000003df3900000) (1024K)]
  0x000001fb65aa3be0 JavaThread "Active Thread: Equinox Container: fc3dcf5b-19ae-4432-8d3f-e7a7c761d8ed"        [_thread_blocked, id=19872, stack(0x0000003df3600000,0x0000003df3700000) (1024K)]
  0x000001fb65aa5620 JavaThread "Framework Event Dispatcher: Equinox Container: fc3dcf5b-19ae-4432-8d3f-e7a7c761d8ed" daemon [_thread_blocked, id=16808, stack(0x0000003df3f00000,0x0000003df4000000) (1024K)]
  0x000001fb65aa5cb0 JavaThread "Start Level: Equinox Container: fc3dcf5b-19ae-4432-8d3f-e7a7c761d8ed" daemon [_thread_in_vm, id=34280, stack(0x0000003df4000000,0x0000003df4100000) (1024K)]
  0x000001fb65aa2830 JavaThread "SCR Component Actor"        daemon [_thread_blocked, id=8908, stack(0x0000003df4200000,0x0000003df4300000) (1024K)]
  0x000001fb65aa2ec0 JavaThread "Worker-JM"                         [_thread_blocked, id=19688, stack(0x0000003df4300000,0x0000003df4400000) (1024K)]
  0x000001fb6a5936b0 JavaThread "Worker-0"                          [_thread_blocked, id=11396, stack(0x0000003df4600000,0x0000003df4700000) (1024K)]
  0x000001fb6a591c70 JavaThread "Worker-1"                          [_thread_blocked, id=31556, stack(0x0000003df4700000,0x0000003df4800000) (1024K)]
  0x000001fb6bd74c80 JavaThread "C2 CompilerThread1"         daemon [_thread_in_native, id=25948, stack(0x0000003df4800000,0x0000003df4900000) (1024K)]
  0x000001fb6b1ac740 JavaThread "C2 CompilerThread2"         daemon [_thread_in_native, id=9484, stack(0x0000003df4900000,0x0000003df4a00000) (1024K)]
Total: 20

Other Threads:
  0x000001fb63a64530 VMThread "VM Thread"                           [id=11692, stack(0x0000003df2d00000,0x0000003df2e00000) (1024K)]
  0x000001fb6395ca00 WatcherThread "VM Periodic Task Thread"        [id=21360, stack(0x0000003df2c00000,0x0000003df2d00000) (1024K)]
  0x000001fb4b2daee0 WorkerThread "GC Thread#0"                     [id=4388, stack(0x0000003df2b00000,0x0000003df2c00000) (1024K)]
  0x000001fb6a51be80 WorkerThread "GC Thread#1"                     [id=28604, stack(0x0000003df3900000,0x0000003df3a00000) (1024K)]
  0x000001fb6a23e810 WorkerThread "GC Thread#2"                     [id=23864, stack(0x0000003df3a00000,0x0000003df3b00000) (1024K)]
  0x000001fb6a23ebb0 WorkerThread "GC Thread#3"                     [id=25112, stack(0x0000003df3b00000,0x0000003df3c00000) (1024K)]
  0x000001fb6a23ef50 WorkerThread "GC Thread#4"                     [id=1160, stack(0x0000003df3c00000,0x0000003df3d00000) (1024K)]
  0x000001fb6a4e08e0 WorkerThread "GC Thread#5"                     [id=32380, stack(0x0000003df3d00000,0x0000003df3e00000) (1024K)]
  0x000001fb6a4e0c80 WorkerThread "GC Thread#6"                     [id=22892, stack(0x0000003df3e00000,0x0000003df3f00000) (1024K)]
  0x000001fb65e4b360 WorkerThread "GC Thread#7"                     [id=11336, stack(0x0000003df4100000,0x0000003df4200000) (1024K)]
  0x000001fb6a7e2380 WorkerThread "GC Thread#8"                     [id=35248, stack(0x0000003df4400000,0x0000003df4500000) (1024K)]
  0x000001fb6a888080 WorkerThread "GC Thread#9"                     [id=14772, stack(0x0000003df4500000,0x0000003df4600000) (1024K)]
Total: 12

Threads with active compile tasks:
C2 CompilerThread0  5350 2582       4       org.lombokweb.asm.ClassReader::readMethod (1070 bytes)
C1 CompilerThread0  5350 2898       3       jdk.xml.internal.SecuritySupport$$Lambda/0x000001fb010d0350::run (8 bytes)
C2 CompilerThread1  5350 2699 %     4       java.util.regex.Matcher::search @ 46 (154 bytes)
C2 CompilerThread2  5350 2661       4       java.util.Properties::loadConvert (540 bytes)
Total: 4

VM state: not at safepoint (normal execution)

VM Mutex/Monitor currently owned by a thread:  ([mutex/lock_event])
[0x00007ffa748dc070] MethodCompileQueue_lock - owner thread: 0x0000000000000000
[0x00007ffa748dc0f0] CompileStatistics_lock - owner thread: 0x0000000000000000

Heap address: 0x0000000080000000, size: 2048 MB, Compressed Oops mode: 32-bit

CDS archive(s) mapped at: [0x000001fb00000000-0x000001fb00ba0000-0x000001fb00ba0000), size 12189696, SharedBaseAddress: 0x000001fb00000000, ArchiveRelocationMode: 1.
Compressed class space mapped at: 0x000001fb01000000-0x000001fb41000000, reserved size: 1073741824
Narrow klass base: 0x000001fb00000000, Narrow klass shift: 0, Narrow klass range: 0x100000000

GC Precious Log:
 CardTable entry size: 512
 CPUs: 12 total, 12 available
 Memory: 7381M
 Large Page Support: Disabled
 NUMA Support: Disabled
 Compressed Oops: Enabled (32-bit)
 Alignments: Space 512K, Generation 512K, Heap 2M
 Heap Min Capacity: 100M
 Heap Initial Capacity: 100M
 Heap Max Capacity: 2G
 Pre-touch: Disabled
 Parallel Workers: 10

Heap:
 PSYoungGen      total 29696K, used 13381K [0x00000000d5580000, 0x00000000d7b00000, 0x0000000100000000)
  eden space 24064K, 55% used [0x00000000d5580000,0x00000000d62917a0,0x00000000d6d00000)
  from space 5632K, 0% used [0x00000000d7380000,0x00000000d7380000,0x00000000d7900000)
  to   space 6656K, 0% used [0x00000000d6d00000,0x00000000d6d00000,0x00000000d7380000)
 ParOldGen       total 68608K, used 10088K [0x0000000080000000, 0x0000000084300000, 0x00000000d5580000)
  object space 68608K, 14% used [0x0000000080000000,0x00000000809da250,0x0000000084300000)
 Metaspace       used 22945K, committed 23552K, reserved 1114112K
  class space    used 2203K, committed 2432K, reserved 1048576K

Card table byte_map: [0x000001fb5ed90000,0x000001fb5f1a0000] _byte_map_base: 0x000001fb5e990000

Marking Bits: (ParMarkBitMap*) 0x00007ffa748e2460
 Begin Bits: [0x000001fb5f450000, 0x000001fb61450000)
 End Bits:   [0x000001fb61450000, 0x000001fb63450000)

Polling page: 0x000001fb4fb80000

Metaspace:

Usage:
  Non-class:     20.26 MB used.
      Class:      2.15 MB used.
       Both:     22.41 MB used.

Virtual space:
  Non-class space:       64.00 MB reserved,      20.62 MB ( 32%) committed,  1 nodes.
      Class space:        1.00 GB reserved,       2.38 MB ( <1%) committed,  1 nodes.
             Both:        1.06 GB reserved,      23.00 MB (  2%) committed. 

Chunk freelists:
   Non-Class:  10.72 MB
       Class:  13.52 MB
        Both:  24.24 MB

MaxMetaspaceSize: unlimited
CompressedClassSpaceSize: 1.00 GB
Initial GC threshold: 21.00 MB
Current GC threshold: 35.00 MB
CDS: on
 - commit_granule_bytes: 65536.
 - commit_granule_words: 8192.
 - virtual_space_node_default_size: 8388608.
 - enlarge_chunks_in_place: 1.
 - use_allocation_guard: 0.


Internal statistics:

num_allocs_failed_limit: 3.
num_arena_births: 480.
num_arena_deaths: 14.
num_vsnodes_births: 2.
num_vsnodes_deaths: 0.
num_space_committed: 368.
num_space_uncommitted: 0.
num_chunks_returned_to_freelist: 17.
num_chunks_taken_from_freelist: 1302.
num_chunk_merges: 9.
num_chunk_splits: 858.
num_chunks_enlarged: 575.
num_inconsistent_stats: 0.

CodeHeap 'non-profiled nmethods': size=120000Kb used=1098Kb max_used=1098Kb free=118901Kb
 bounds [0x000001fb57670000, 0x000001fb578e0000, 0x000001fb5eba0000]
CodeHeap 'profiled nmethods': size=120000Kb used=5874Kb max_used=5874Kb free=114125Kb
 bounds [0x000001fb4fba0000, 0x000001fb50160000, 0x000001fb570d0000]
CodeHeap 'non-nmethods': size=5760Kb used=1314Kb max_used=1328Kb free=4445Kb
 bounds [0x000001fb570d0000, 0x000001fb57340000, 0x000001fb57670000]
CodeCache: size=245760Kb, used=8286Kb, max_used=8300Kb, free=237471Kb
 total_blobs=3480, nmethods=2883, adapters=503, full_count=0
Compilation: enabled, stopped_count=0, restarted_count=0

Compilation events (20 events):
Event: 4.285 Thread 0x000001fb65abc330 2865       1       java.lang.invoke.MethodHandleImpl$IntrinsicMethodHandle::getTarget (5 bytes)
Event: 4.285 Thread 0x000001fb65abc330 nmethod 2865 0x000001fb5777fe10 code [0x000001fb5777ffa0, 0x000001fb57780068]
Event: 4.289 Thread 0x000001fb65abc330 2867       3       java.nio.Buffer::position (52 bytes)
Event: 4.289 Thread 0x000001fb65abc330 nmethod 2867 0x000001fb5014a490 code [0x000001fb5014a640, 0x000001fb5014a898]
Event: 4.289 Thread 0x000001fb65abc330 2868       3       java.lang.invoke.MethodHandleImpl::getConstantHandle (21 bytes)
Event: 4.290 Thread 0x000001fb65abc330 nmethod 2868 0x000001fb5014a990 code [0x000001fb5014ab80, 0x000001fb5014b078]
Event: 4.290 Thread 0x000001fb65abc330 2869       3       java.lang.invoke.LambdaForm$MH/0x000001fb0117d400::invoke (39 bytes)
Event: 4.290 Thread 0x000001fb65abc330 nmethod 2869 0x000001fb5014b210 code [0x000001fb5014b460, 0x000001fb5014c120]
Event: 4.290 Thread 0x000001fb65abc330 2870       3       java.lang.invoke.MethodHandleImpl::makePairwiseConvertByEditor (617 bytes)
Event: 4.295 Thread 0x000001fb65abc330 nmethod 2870 0x000001fb5014c490 code [0x000001fb5014cc80, 0x000001fb50151b10]
Event: 4.295 Thread 0x000001fb65abc330 2871       3       org.eclipse.core.runtime.Assert::isNotNull (19 bytes)
Event: 4.295 Thread 0x000001fb65abc330 nmethod 2871 0x000001fb50153a10 code [0x000001fb50153be0, 0x000001fb50153e48]
Event: 4.295 Thread 0x000001fb65abc330 2872       3       org.eclipse.core.runtime.Assert::isNotNull (7 bytes)
Event: 4.296 Thread 0x000001fb65abc330 nmethod 2872 0x000001fb50153f90 code [0x000001fb50154160, 0x000001fb50154430]
Event: 4.296 Thread 0x000001fb65abc330 2874       3       org.eclipse.core.runtime.Assert::isTrue (20 bytes)
Event: 4.296 Thread 0x000001fb65abc330 nmethod 2874 0x000001fb50154590 code [0x000001fb50154760, 0x000001fb501549d0]
Event: 4.296 Thread 0x000001fb65abc330 2875       3       org.eclipse.core.runtime.Assert::isTrue (7 bytes)
Event: 4.296 Thread 0x000001fb65abc330 nmethod 2875 0x000001fb50154b10 code [0x000001fb50154ce0, 0x000001fb50154fb8]
Event: 4.296 Thread 0x000001fb65abc330 2873       1       org.eclipse.jface.text.templates.TemplateVariableResolver::getType (5 bytes)
Event: 4.296 Thread 0x000001fb65abc330 nmethod 2873 0x000001fb57780610 code [0x000001fb577807a0, 0x000001fb57780868]

GC Heap History (14 events):
Event: 1.108 GC heap before
{Heap before GC invocations=1 (full 0):
 PSYoungGen      total 29696K, used 25600K [0x00000000d5580000, 0x00000000d7680000, 0x0000000100000000)
  eden space 25600K, 100% used [0x00000000d5580000,0x00000000d6e80000,0x00000000d6e80000)
  from space 4096K, 0% used [0x00000000d7280000,0x00000000d7280000,0x00000000d7680000)
  to   space 4096K, 0% used [0x00000000d6e80000,0x00000000d6e80000,0x00000000d7280000)
 ParOldGen       total 68608K, used 0K [0x0000000080000000, 0x0000000084300000, 0x00000000d5580000)
  object space 68608K, 0% used [0x0000000080000000,0x0000000080000000,0x0000000084300000)
 Metaspace       used 4338K, committed 4608K, reserved 1114112K
  class space    used 472K, committed 576K, reserved 1048576K
}
Event: 1.122 GC heap after
{Heap after GC invocations=1 (full 0):
 PSYoungGen      total 29696K, used 3328K [0x00000000d5580000, 0x00000000d7680000, 0x0000000100000000)
  eden space 25600K, 0% used [0x00000000d5580000,0x00000000d5580000,0x00000000d6e80000)
  from space 4096K, 81% used [0x00000000d6e80000,0x00000000d71c0158,0x00000000d7280000)
  to   space 4096K, 0% used [0x00000000d7280000,0x00000000d7280000,0x00000000d7680000)
 ParOldGen       total 68608K, used 16K [0x0000000080000000, 0x0000000084300000, 0x00000000d5580000)
  object space 68608K, 0% used [0x0000000080000000,0x0000000080004000,0x0000000084300000)
 Metaspace       used 4338K, committed 4608K, reserved 1114112K
  class space    used 472K, committed 576K, reserved 1048576K
}
Event: 2.404 GC heap before
{Heap before GC invocations=2 (full 0):
 PSYoungGen      total 29696K, used 28928K [0x00000000d5580000, 0x00000000d7680000, 0x0000000100000000)
  eden space 25600K, 100% used [0x00000000d5580000,0x00000000d6e80000,0x00000000d6e80000)
  from space 4096K, 81% used [0x00000000d6e80000,0x00000000d71c0158,0x00000000d7280000)
  to   space 4096K, 0% used [0x00000000d7280000,0x00000000d7280000,0x00000000d7680000)
 ParOldGen       total 68608K, used 16K [0x0000000080000000, 0x0000000084300000, 0x00000000d5580000)
  object space 68608K, 0% used [0x0000000080000000,0x0000000080004000,0x0000000084300000)
 Metaspace       used 8178K, committed 8512K, reserved 1114112K
  class space    used 868K, committed 1024K, reserved 1048576K
}
Event: 2.412 GC heap after
{Heap after GC invocations=2 (full 0):
 PSYoungGen      total 29696K, used 4093K [0x00000000d5580000, 0x00000000d7680000, 0x0000000100000000)
  eden space 25600K, 0% used [0x00000000d5580000,0x00000000d5580000,0x00000000d6e80000)
  from space 4096K, 99% used [0x00000000d7280000,0x00000000d767f680,0x00000000d7680000)
  to   space 4096K, 0% used [0x00000000d6e80000,0x00000000d6e80000,0x00000000d7280000)
 ParOldGen       total 68608K, used 1120K [0x0000000080000000, 0x0000000084300000, 0x00000000d5580000)
  object space 68608K, 1% used [0x0000000080000000,0x00000000801181f0,0x0000000084300000)
 Metaspace       used 8178K, committed 8512K, reserved 1114112K
  class space    used 868K, committed 1024K, reserved 1048576K
}
Event: 3.089 GC heap before
{Heap before GC invocations=3 (full 0):
 PSYoungGen      total 29696K, used 29693K [0x00000000d5580000, 0x00000000d7680000, 0x0000000100000000)
  eden space 25600K, 100% used [0x00000000d5580000,0x00000000d6e80000,0x00000000d6e80000)
  from space 4096K, 99% used [0x00000000d7280000,0x00000000d767f680,0x00000000d7680000)
  to   space 4096K, 0% used [0x00000000d6e80000,0x00000000d6e80000,0x00000000d7280000)
 ParOldGen       total 68608K, used 1120K [0x0000000080000000, 0x0000000084300000, 0x00000000d5580000)
  object space 68608K, 1% used [0x0000000080000000,0x00000000801181f0,0x0000000084300000)
 Metaspace       used 12987K, committed 13568K, reserved 1114112K
  class space    used 1378K, committed 1664K, reserved 1048576K
}
Event: 3.094 GC heap after
{Heap after GC invocations=3 (full 0):
 PSYoungGen      total 29696K, used 4076K [0x00000000d5580000, 0x00000000d7680000, 0x0000000100000000)
  eden space 25600K, 0% used [0x00000000d5580000,0x00000000d5580000,0x00000000d6e80000)
  from space 4096K, 99% used [0x00000000d6e80000,0x00000000d727b0d0,0x00000000d7280000)
  to   space 4096K, 0% used [0x00000000d7280000,0x00000000d7280000,0x00000000d7680000)
 ParOldGen       total 68608K, used 2972K [0x0000000080000000, 0x0000000084300000, 0x00000000d5580000)
  object space 68608K, 4% used [0x0000000080000000,0x00000000802e7358,0x0000000084300000)
 Metaspace       used 12987K, committed 13568K, reserved 1114112K
  class space    used 1378K, committed 1664K, reserved 1048576K
}
Event: 3.491 GC heap before
{Heap before GC invocations=4 (full 0):
 PSYoungGen      total 29696K, used 29676K [0x00000000d5580000, 0x00000000d7680000, 0x0000000100000000)
  eden space 25600K, 99% used [0x00000000d5580000,0x00000000d6e7fff0,0x00000000d6e80000)
  from space 4096K, 99% used [0x00000000d6e80000,0x00000000d727b0d0,0x00000000d7280000)
  to   space 4096K, 0% used [0x00000000d7280000,0x00000000d7280000,0x00000000d7680000)
 ParOldGen       total 68608K, used 2972K [0x0000000080000000, 0x0000000084300000, 0x00000000d5580000)
  object space 68608K, 4% used [0x0000000080000000,0x00000000802e7358,0x0000000084300000)
 Metaspace       used 16199K, committed 16832K, reserved 1114112K
  class space    used 1684K, committed 1984K, reserved 1048576K
}
Event: 3.496 GC heap after
{Heap after GC invocations=4 (full 0):
 PSYoungGen      total 29696K, used 4083K [0x00000000d5580000, 0x00000000d7680000, 0x0000000100000000)
  eden space 25600K, 0% used [0x00000000d5580000,0x00000000d5580000,0x00000000d6e80000)
  from space 4096K, 99% used [0x00000000d7280000,0x00000000d767cdb8,0x00000000d7680000)
  to   space 4096K, 0% used [0x00000000d6e80000,0x00000000d6e80000,0x00000000d7280000)
 ParOldGen       total 68608K, used 5824K [0x0000000080000000, 0x0000000084300000, 0x00000000d5580000)
  object space 68608K, 8% used [0x0000000080000000,0x00000000805b0288,0x0000000084300000)
 Metaspace       used 16199K, committed 16832K, reserved 1114112K
  class space    used 1684K, committed 1984K, reserved 1048576K
}
Event: 3.766 GC heap before
{Heap before GC invocations=5 (full 0):
 PSYoungGen      total 29696K, used 29671K [0x00000000d5580000, 0x00000000d7680000, 0x0000000100000000)
  eden space 25600K, 99% used [0x00000000d5580000,0x00000000d6e7d1f8,0x00000000d6e80000)
  from space 4096K, 99% used [0x00000000d7280000,0x00000000d767cdb8,0x00000000d7680000)
  to   space 4096K, 0% used [0x00000000d6e80000,0x00000000d6e80000,0x00000000d7280000)
 ParOldGen       total 68608K, used 5824K [0x0000000080000000, 0x0000000084300000, 0x00000000d5580000)
  object space 68608K, 8% used [0x0000000080000000,0x00000000805b0288,0x0000000084300000)
 Metaspace       used 20196K, committed 20864K, reserved 1114112K
  class space    used 1980K, committed 2304K, reserved 1048576K
}
Event: 3.768 GC heap after
{Heap after GC invocations=5 (full 0):
 PSYoungGen      total 29184K, used 4083K [0x00000000d5580000, 0x00000000d7900000, 0x0000000100000000)
  eden space 25088K, 0% used [0x00000000d5580000,0x00000000d5580000,0x00000000d6e00000)
  from space 4096K, 99% used [0x00000000d6e80000,0x00000000d727cdb8,0x00000000d7280000)
  to   space 5632K, 0% used [0x00000000d7380000,0x00000000d7380000,0x00000000d7900000)
 ParOldGen       total 68608K, used 6154K [0x0000000080000000, 0x0000000084300000, 0x00000000d5580000)
  object space 68608K, 8% used [0x0000000080000000,0x0000000080602bc8,0x0000000084300000)
 Metaspace       used 20196K, committed 20864K, reserved 1114112K
  class space    used 1980K, committed 2304K, reserved 1048576K
}
Event: 3.914 GC heap before
{Heap before GC invocations=6 (full 0):
 PSYoungGen      total 29184K, used 21703K [0x00000000d5580000, 0x00000000d7900000, 0x0000000100000000)
  eden space 25088K, 70% used [0x00000000d5580000,0x00000000d66b5068,0x00000000d6e00000)
  from space 4096K, 99% used [0x00000000d6e80000,0x00000000d727cdb8,0x00000000d7280000)
  to   space 5632K, 0% used [0x00000000d7380000,0x00000000d7380000,0x00000000d7900000)
 ParOldGen       total 68608K, used 6154K [0x0000000080000000, 0x0000000084300000, 0x00000000d5580000)
  object space 68608K, 8% used [0x0000000080000000,0x0000000080602bc8,0x0000000084300000)
 Metaspace       used 20910K, committed 21504K, reserved 1114112K
  class space    used 2015K, committed 2304K, reserved 1048576K
}
Event: 3.918 GC heap after
{Heap after GC invocations=6 (full 0):
 PSYoungGen      total 29696K, used 5631K [0x00000000d5580000, 0x00000000d7b00000, 0x0000000100000000)
  eden space 24064K, 0% used [0x00000000d5580000,0x00000000d5580000,0x00000000d6d00000)
  from space 5632K, 99% used [0x00000000d7380000,0x00000000d78fffb8,0x00000000d7900000)
  to   space 6656K, 0% used [0x00000000d6d00000,0x00000000d6d00000,0x00000000d7380000)
 ParOldGen       total 68608K, used 6491K [0x0000000080000000, 0x0000000084300000, 0x00000000d5580000)
  object space 68608K, 9% used [0x0000000080000000,0x0000000080656e40,0x0000000084300000)
 Metaspace       used 20910K, committed 21504K, reserved 1114112K
  class space    used 2015K, committed 2304K, reserved 1048576K
}
Event: 3.918 GC heap before
{Heap before GC invocations=7 (full 1):
 PSYoungGen      total 29696K, used 5631K [0x00000000d5580000, 0x00000000d7b00000, 0x0000000100000000)
  eden space 24064K, 0% used [0x00000000d5580000,0x00000000d5580000,0x00000000d6d00000)
  from space 5632K, 99% used [0x00000000d7380000,0x00000000d78fffb8,0x00000000d7900000)
  to   space 6656K, 0% used [0x00000000d6d00000,0x00000000d6d00000,0x00000000d7380000)
 ParOldGen       total 68608K, used 6491K [0x0000000080000000, 0x0000000084300000, 0x00000000d5580000)
  object space 68608K, 9% used [0x0000000080000000,0x0000000080656e40,0x0000000084300000)
 Metaspace       used 20910K, committed 21504K, reserved 1114112K
  class space    used 2015K, committed 2304K, reserved 1048576K
}
Event: 3.945 GC heap after
{Heap after GC invocations=7 (full 1):
 PSYoungGen      total 29696K, used 0K [0x00000000d5580000, 0x00000000d7b00000, 0x0000000100000000)
  eden space 24064K, 0% used [0x00000000d5580000,0x00000000d5580000,0x00000000d6d00000)
  from space 5632K, 0% used [0x00000000d7380000,0x00000000d7380000,0x00000000d7900000)
  to   space 6656K, 0% used [0x00000000d6d00000,0x00000000d6d00000,0x00000000d7380000)
 ParOldGen       total 68608K, used 10088K [0x0000000080000000, 0x0000000084300000, 0x00000000d5580000)
  object space 68608K, 14% used [0x0000000080000000,0x00000000809da250,0x0000000084300000)
 Metaspace       used 20898K, committed 21504K, reserved 1114112K
  class space    used 2011K, committed 2304K, reserved 1048576K
}

Dll operation events (11 events):
Event: 0.044 Loaded shared library c:\Users\pujak\.vscode\extensions\redhat.java-1.52.0-win32-x64\jre\21.0.9-win32-x86_64\bin\java.dll
Event: 0.163 Loaded shared library c:\Users\pujak\.vscode\extensions\redhat.java-1.52.0-win32-x64\jre\21.0.9-win32-x86_64\bin\zip.dll
Event: 0.192 Loaded shared library C:\Users\pujak\.vscode\extensions\redhat.java-1.52.0-win32-x64\jre\21.0.9-win32-x86_64\bin\instrument.dll
Event: 0.199 Loaded shared library C:\Users\pujak\.vscode\extensions\redhat.java-1.52.0-win32-x64\jre\21.0.9-win32-x86_64\bin\net.dll
Event: 0.204 Loaded shared library C:\Users\pujak\.vscode\extensions\redhat.java-1.52.0-win32-x64\jre\21.0.9-win32-x86_64\bin\nio.dll
Event: 0.210 Loaded shared library C:\Users\pujak\.vscode\extensions\redhat.java-1.52.0-win32-x64\jre\21.0.9-win32-x86_64\bin\zip.dll
Event: 0.233 Loaded shared library C:\Users\pujak\.vscode\extensions\redhat.java-1.52.0-win32-x64\jre\21.0.9-win32-x86_64\bin\jimage.dll
Event: 0.309 Loaded shared library c:\Users\pujak\.vscode\extensions\redhat.java-1.52.0-win32-x64\jre\21.0.9-win32-x86_64\bin\verify.dll
Event: 2.359 Loaded shared library C:\Users\pujak\AppData\Roaming\Code\User\globalStorage\redhat.java\1.52.0\config_ss_win\org.eclipse.equinox.launcher\org.eclipse.equinox.launcher.win32.win32.x86_64_1.2.1500.v20260121-1430\eclipse_11919.dll
Event: 3.159 Loaded shared library C:\Users\pujak\.vscode\extensions\redhat.java-1.52.0-win32-x64\jre\21.0.9-win32-x86_64\bin\management.dll
Event: 3.170 Loaded shared library C:\Users\pujak\.vscode\extensions\redhat.java-1.52.0-win32-x64\jre\21.0.9-win32-x86_64\bin\management_ext.dll

Deoptimization events (20 events):
Event: 4.041 Thread 0x000001fb65aa5cb0 Uncommon trap: trap_request=0xffffffc6 fr.pc=0x000001fb57717bc8 relative=0x00000000000009e8
Event: 4.041 Thread 0x000001fb65aa5cb0 Uncommon trap: reason=bimorphic_or_optimized_type_check action=maybe_recompile pc=0x000001fb57717bc8 method=java.util.HashMap.putVal(ILjava/lang/Object;Ljava/lang/Object;ZZ)Ljava/lang/Object; @ 56 c2
Event: 4.041 Thread 0x000001fb65aa5cb0 DEOPT PACKING pc=0x000001fb57717bc8 sp=0x0000003df40fdf20
Event: 4.041 Thread 0x000001fb65aa5cb0 DEOPT UNPACKING pc=0x000001fb57123aa2 sp=0x0000003df40fde20 mode 2
Event: 4.041 Thread 0x000001fb65aa5cb0 Uncommon trap: trap_request=0xffffffc6 fr.pc=0x000001fb57717bc8 relative=0x00000000000009e8
Event: 4.041 Thread 0x000001fb65aa5cb0 Uncommon trap: reason=bimorphic_or_optimized_type_check action=maybe_recompile pc=0x000001fb57717bc8 method=java.util.HashMap.putVal(ILjava/lang/Object;Ljava/lang/Object;ZZ)Ljava/lang/Object; @ 56 c2
Event: 4.041 Thread 0x000001fb65aa5cb0 DEOPT PACKING pc=0x000001fb57717bc8 sp=0x0000003df40fdf20
Event: 4.041 Thread 0x000001fb65aa5cb0 DEOPT UNPACKING pc=0x000001fb57123aa2 sp=0x0000003df40fde20 mode 2
Event: 4.041 Thread 0x000001fb65aa5cb0 Uncommon trap: trap_request=0xffffffc6 fr.pc=0x000001fb57717bc8 relative=0x00000000000009e8
Event: 4.041 Thread 0x000001fb65aa5cb0 Uncommon trap: reason=bimorphic_or_optimized_type_check action=maybe_recompile pc=0x000001fb57717bc8 method=java.util.HashMap.putVal(ILjava/lang/Object;Ljava/lang/Object;ZZ)Ljava/lang/Object; @ 56 c2
Event: 4.041 Thread 0x000001fb65aa5cb0 DEOPT PACKING pc=0x000001fb57717bc8 sp=0x0000003df40fdf20
Event: 4.041 Thread 0x000001fb65aa5cb0 DEOPT UNPACKING pc=0x000001fb57123aa2 sp=0x0000003df40fde20 mode 2
Event: 4.041 Thread 0x000001fb65aa5cb0 Uncommon trap: trap_request=0xffffffc6 fr.pc=0x000001fb57717bc8 relative=0x00000000000009e8
Event: 4.041 Thread 0x000001fb65aa5cb0 Uncommon trap: reason=bimorphic_or_optimized_type_check action=maybe_recompile pc=0x000001fb57717bc8 method=java.util.HashMap.putVal(ILjava/lang/Object;Ljava/lang/Object;ZZ)Ljava/lang/Object; @ 56 c2
Event: 4.041 Thread 0x000001fb65aa5cb0 DEOPT PACKING pc=0x000001fb57717bc8 sp=0x0000003df40fdf20
Event: 4.041 Thread 0x000001fb65aa5cb0 DEOPT UNPACKING pc=0x000001fb57123aa2 sp=0x0000003df40fde20 mode 2
Event: 4.058 Thread 0x000001fb65aa5cb0 Uncommon trap: trap_request=0xffffff45 fr.pc=0x000001fb5776eef8 relative=0x0000000000000378
Event: 4.058 Thread 0x000001fb65aa5cb0 Uncommon trap: reason=unstable_if action=reinterpret pc=0x000001fb5776eef8 method=java.util.regex.Pattern$BmpCharPropertyGreedy.match(Ljava/util/regex/Matcher;ILjava/lang/CharSequence;)Z @ 12 c2
Event: 4.058 Thread 0x000001fb65aa5cb0 DEOPT PACKING pc=0x000001fb5776eef8 sp=0x0000003df40fda20
Event: 4.058 Thread 0x000001fb65aa5cb0 DEOPT UNPACKING pc=0x000001fb57123aa2 sp=0x0000003df40fd9b8 mode 2

Classes loaded (20 events):
Event: 4.285 Loading class java/util/ServiceLoader$ProviderSpliterator done
Event: 4.286 Loading class java/util/ResourceBundle$CacheKey
Event: 4.286 Loading class java/util/ResourceBundle$CacheKey done
Event: 4.286 Loading class java/util/ResourceBundle$KeyElementReference
Event: 4.286 Loading class java/util/ResourceBundle$CacheKeyReference
Event: 4.286 Loading class java/util/ResourceBundle$CacheKeyReference done
Event: 4.286 Loading class java/util/ResourceBundle$KeyElementReference done
Event: 4.286 Loading class java/util/ResourceBundle$Control$2
Event: 4.286 Loading class java/util/ResourceBundle$Control$2 done
Event: 4.287 Loading class java/util/ResourceBundle$BundleReference
Event: 4.287 Loading class java/util/ResourceBundle$BundleReference done
Event: 4.298 Loading class javax/xml/transform/TransformerException
Event: 4.298 Loading class javax/xml/transform/TransformerException done
Event: 4.298 Loading class org/w3c/dom/Node
Event: 4.304 Loading class org/w3c/dom/Node done
Event: 4.304 Loading class javax/xml/transform/Result
Event: 4.321 Loading class javax/xml/transform/Result done
Event: 4.321 Loading class javax/xml/transform/Source
Event: 4.321 Loading class javax/xml/transform/Source done
Event: 4.321 Loading class javax/xml/transform/stream/StreamResult

Classes unloaded (7 events):
Event: 3.922 Thread 0x000001fb63a64530 Unloading class 0x000001fb01191400 'java/lang/invoke/LambdaForm$MH+0x000001fb01191400'
Event: 3.922 Thread 0x000001fb63a64530 Unloading class 0x000001fb01191000 'java/lang/invoke/LambdaForm$MH+0x000001fb01191000'
Event: 3.922 Thread 0x000001fb63a64530 Unloading class 0x000001fb01190c00 'java/lang/invoke/LambdaForm$MH+0x000001fb01190c00'
Event: 3.922 Thread 0x000001fb63a64530 Unloading class 0x000001fb01190800 'java/lang/invoke/LambdaForm$MH+0x000001fb01190800'
Event: 3.922 Thread 0x000001fb63a64530 Unloading class 0x000001fb01190400 'java/lang/invoke/LambdaForm$BMH+0x000001fb01190400'
Event: 3.922 Thread 0x000001fb63a64530 Unloading class 0x000001fb01190000 'java/lang/invoke/LambdaForm$DMH+0x000001fb01190000'
Event: 3.922 Thread 0x000001fb63a64530 Unloading class 0x000001fb0118ec00 'java/lang/invoke/LambdaForm$DMH+0x000001fb0118ec00'

Classes redefined (0 events):
No events

Internal exceptions (20 events):
Event: 3.338 Thread 0x000001fb6a5936b0 Exception <a 'java/lang/NoSuchMethodError'{0x00000000d5e654d8}: 'java.lang.Object java.lang.invoke.DirectMethodHandle$Holder.newInvokeSpecial(java.lang.Object, java.lang.Object, int, java.lang.Object)'> (0x00000000d5e654d8) 
thrown [s\src\hotspot\share\interpreter\linkResolver.cpp, line 773]
Event: 3.338 Thread 0x000001fb6a5936b0 Exception <a 'java/lang/NoSuchMethodError'{0x00000000d5e68db8}: 'java.lang.Object java.lang.invoke.DirectMethodHandle$Holder.invokeSpecial(java.lang.Object, java.lang.Object, java.lang.Object, int, java.lang.Object)'> (0x00000000d5e68db8) 
thrown [s\src\hotspot\share\interpreter\linkResolver.cpp, line 773]
Event: 3.354 Thread 0x000001fb65aa5cb0 Exception <a 'java/lang/NoSuchMethodError'{0x00000000d60848b0}: 'void java.lang.invoke.DirectMethodHandle$Holder.invokeSpecial(java.lang.Object, java.lang.Object, java.lang.Object, java.lang.Object, java.lang.Object)'> (0x00000000d60848b0) 
thrown [s\src\hotspot\share\interpreter\linkResolver.cpp, line 773]
Event: 3.397 Thread 0x000001fb65aa5cb0 Exception <a 'java/lang/NoSuchMethodError'{0x00000000d634ce68}: 'double java.lang.invoke.DirectMethodHandle$Holder.invokeStatic(java.lang.Object, java.lang.Object)'> (0x00000000d634ce68) 
thrown [s\src\hotspot\share\interpreter\linkResolver.cpp, line 773]
Event: 3.398 Thread 0x000001fb65aa5cb0 Exception <a 'java/lang/NoSuchMethodError'{0x00000000d6350528}: 'double java.lang.invoke.DirectMethodHandle$Holder.invokeStaticInit(java.lang.Object, java.lang.Object)'> (0x00000000d6350528) 
thrown [s\src\hotspot\share\interpreter\linkResolver.cpp, line 773]
Event: 3.521 Thread 0x000001fb65aa5cb0 Exception <a 'java/io/FileNotFoundException'{0x00000000d5a00c48}> (0x00000000d5a00c48) 
thrown [s\src\hotspot\share\prims\jni.cpp, line 520]
Event: 3.521 Thread 0x000001fb65aa5cb0 Exception <a 'java/io/FileNotFoundException'{0x00000000d5a01a78}> (0x00000000d5a01a78) 
thrown [s\src\hotspot\share\prims\jni.cpp, line 520]
Event: 3.521 Thread 0x000001fb65aa5cb0 Exception <a 'java/io/FileNotFoundException'{0x00000000d5a029a8}> (0x00000000d5a029a8) 
thrown [s\src\hotspot\share\prims\jni.cpp, line 520]
Event: 3.658 Thread 0x000001fb65aa5cb0 Exception <a 'java/lang/NoSuchMethodError'{0x00000000d63997d8}: 'int java.lang.invoke.DirectMethodHandle$Holder.invokeStaticInit(java.lang.Object, java.lang.Object, java.lang.Object)'> (0x00000000d63997d8) 
thrown [s\src\hotspot\share\interpreter\linkResolver.cpp, line 773]
Event: 3.777 Thread 0x000001fb65aa5cb0 Exception <a 'java/io/FileNotFoundException'{0x00000000d5632780}> (0x00000000d5632780) 
thrown [s\src\hotspot\share\prims\jni.cpp, line 520]
Event: 3.779 Thread 0x000001fb65aa5cb0 Exception <a 'java/lang/NoSuchMethodError'{0x00000000d5639ff8}: 'java.lang.Object java.lang.invoke.DirectMethodHandle$Holder.newInvokeSpecial(java.lang.Object, int, java.lang.Object, java.lang.Object)'> (0x00000000d5639ff8) 
thrown [s\src\hotspot\share\interpreter\linkResolver.cpp, line 773]
Event: 3.820 Thread 0x000001fb65aa5cb0 Exception <a 'java/io/FileNotFoundException'{0x00000000d61f7e70}> (0x00000000d61f7e70) 
thrown [s\src\hotspot\share\prims\jni.cpp, line 520]
Event: 3.998 Thread 0x000001fb65aa5cb0 Exception <a 'java/io/FileNotFoundException'{0x00000000d5845448}> (0x00000000d5845448) 
thrown [s\src\hotspot\share\prims\jni.cpp, line 520]
Event: 4.050 Thread 0x000001fb65aa5cb0 Exception <a 'sun/nio/fs/WindowsException'{0x00000000d5a1cf48}> (0x00000000d5a1cf48) 
thrown [s\src\hotspot\share\prims\jni.cpp, line 520]
Event: 4.051 Thread 0x000001fb65aa5cb0 Exception <a 'sun/nio/fs/WindowsException'{0x00000000d5a20c30}> (0x00000000d5a20c30) 
thrown [s\src\hotspot\share\prims\jni.cpp, line 520]
Event: 4.072 Thread 0x000001fb65aa5cb0 Exception <a 'sun/nio/fs/WindowsException'{0x00000000d5aecfa8}> (0x00000000d5aecfa8) 
thrown [s\src\hotspot\share\prims\jni.cpp, line 520]
Event: 4.098 Thread 0x000001fb65aa5cb0 Exception <a 'java/lang/NoSuchMethodError'{0x00000000d5be56b8}: 'java.lang.Object java.lang.invoke.DirectMethodHandle$Holder.invokeStaticInit(java.lang.Object, int, int, int, int)'> (0x00000000d5be56b8) 
thrown [s\src\hotspot\share\interpreter\linkResolver.cpp, line 773]
Event: 4.214 Thread 0x000001fb65aa5cb0 Exception <a 'java/lang/NoSuchMethodError'{0x00000000d5d18a70}: 'java.lang.Object java.lang.invoke.DirectMethodHandle$Holder.invokeStaticInit(java.lang.Object, java.lang.Object, int, int, int, int)'> (0x00000000d5d18a70) 
thrown [s\src\hotspot\share\interpreter\linkResolver.cpp, line 773]
Event: 4.279 Thread 0x000001fb65aa5cb0 Exception <a 'sun/nio/fs/WindowsException'{0x00000000d6024548}> (0x00000000d6024548) 
thrown [s\src\hotspot\share\prims\jni.cpp, line 520]
Event: 4.279 Thread 0x000001fb65aa5cb0 Exception <a 'sun/nio/fs/WindowsException'{0x00000000d602cca0}> (0x00000000d602cca0) 
thrown [s\src\hotspot\share\prims\jni.cpp, line 520]

ZGC Phase Switch (0 events):
No events

VM Operations (20 events):
Event: 2.935 Executing VM operation: HandshakeAllThreads (Deoptimize) done
Event: 3.089 Executing VM operation: ParallelGCFailedAllocation (Allocation Failure)
Event: 3.094 Executing VM operation: ParallelGCFailedAllocation (Allocation Failure) done
Event: 3.220 Executing VM operation: HandshakeAllThreads (Deoptimize)
Event: 3.220 Executing VM operation: HandshakeAllThreads (Deoptimize) done
Event: 3.226 Executing VM operation: HandshakeAllThreads (Deoptimize)
Event: 3.226 Executing VM operation: HandshakeAllThreads (Deoptimize) done
Event: 3.241 Executing VM operation: HandshakeAllThreads (Deoptimize)
Event: 3.241 Executing VM operation: HandshakeAllThreads (Deoptimize) done
Event: 3.491 Executing VM operation: ParallelGCFailedAllocation (Allocation Failure)
Event: 3.496 Executing VM operation: ParallelGCFailedAllocation (Allocation Failure) done
Event: 3.766 Executing VM operation: ParallelGCFailedAllocation (Allocation Failure)
Event: 3.768 Executing VM operation: ParallelGCFailedAllocation (Allocation Failure) done
Event: 3.914 Executing VM operation: CollectForMetadataAllocation (Metadata GC Threshold)
Event: 3.945 Executing VM operation: CollectForMetadataAllocation (Metadata GC Threshold) done
Event: 4.040 Executing VM operation: HandshakeAllThreads (Deoptimize)
Event: 4.040 Executing VM operation: HandshakeAllThreads (Deoptimize) done
Event: 4.227 Executing VM operation: HandshakeAllThreads (Deoptimize)
Event: 4.227 Executing VM operation: HandshakeAllThreads (Deoptimize) done
Event: 5.228 Executing VM operation: Cleanup

Memory protections (0 events):
No events

Nmethod flushes (0 events):
No events

Events (20 events):
Event: 0.119 Thread 0x000001fb4b2bc470 Thread added: 0x000001fb65a923a0
Event: 0.120 Thread 0x000001fb4b2bc470 Thread added: 0x000001fb65a95a70
Event: 0.120 Thread 0x000001fb4b2bc470 Thread added: 0x000001fb65a98820
Event: 0.120 Thread 0x000001fb4b2bc470 Thread added: 0x000001fb65aa4270
Event: 0.120 Thread 0x000001fb4b2bc470 Thread added: 0x000001fb65aa4900
Event: 0.120 Thread 0x000001fb4b2bc470 Thread added: 0x000001fb65ab8270
Event: 0.121 Thread 0x000001fb4b2bc470 Thread added: 0x000001fb65abc330
Event: 0.173 Thread 0x000001fb65abc330 Thread added: 0x000001fb65c807f0
Event: 0.194 Thread 0x000001fb4b2bc470 Thread added: 0x000001fb65aa4f90
Event: 0.387 Thread 0x000001fb4b2bc470 Thread added: 0x000001fb65aa3550
Event: 1.183 Thread 0x000001fb65c807f0 Thread exited: 0x000001fb65c807f0
Event: 1.972 Thread 0x000001fb4b2bc470 Thread added: 0x000001fb65aa3be0
Event: 2.333 Thread 0x000001fb4b2bc470 Thread added: 0x000001fb65aa5620
Event: 2.343 Thread 0x000001fb4b2bc470 Thread added: 0x000001fb65aa5cb0
Event: 2.625 Thread 0x000001fb65aa5cb0 Thread added: 0x000001fb65aa2830
Event: 2.974 Thread 0x000001fb65aa5cb0 Thread added: 0x000001fb65aa2ec0
Event: 3.313 Thread 0x000001fb65aa5cb0 Thread added: 0x000001fb6a5936b0
Event: 3.337 Thread 0x000001fb65aa5cb0 Thread added: 0x000001fb6a591c70
Event: 3.990 Thread 0x000001fb65aa5cb0 Thread added: 0x000001fb6a592300
Event: 4.083 Thread 0x000001fb6a592300 Thread exited: 0x000001fb6a592300


Dynamic libraries:
0x00007ff67c6e0000 - 0x00007ff67c6ee000 	c:\Users\pujak\.vscode\extensions\redhat.java-1.52.0-win32-x64\jre\21.0.9-win32-x86_64\bin\java.exe
0x00007ffb349e0000 - 0x00007ffb34c47000 	C:\WINDOWS\SYSTEM32\ntdll.dll
0x00007ffb33db0000 - 0x00007ffb33e79000 	C:\WINDOWS\System32\KERNEL32.DLL
0x00007ffb31ef0000 - 0x00007ffb322df000 	C:\WINDOWS\System32\KERNELBASE.dll
0x00007ffb31da0000 - 0x00007ffb31eeb000 	C:\WINDOWS\System32\ucrtbase.dll
0x00007ffb01d10000 - 0x00007ffb01d28000 	c:\Users\pujak\.vscode\extensions\redhat.java-1.52.0-win32-x64\jre\21.0.9-win32-x86_64\bin\jli.dll
0x00007ffb01cf0000 - 0x00007ffb01d0e000 	c:\Users\pujak\.vscode\extensions\redhat.java-1.52.0-win32-x64\jre\21.0.9-win32-x86_64\bin\VCRUNTIME140.dll
0x00007ffb32810000 - 0x00007ffb329d5000 	C:\WINDOWS\System32\USER32.dll
0x00007ffb32750000 - 0x00007ffb32777000 	C:\WINDOWS\System32\win32u.dll
0x00007ffb33ff0000 - 0x00007ffb3401b000 	C:\WINDOWS\System32\GDI32.dll
0x00007ffb101e0000 - 0x00007ffb10473000 	C:\WINDOWS\WinSxS\amd64_microsoft.windows.common-controls_6595b64144ccf1df_6.0.26100.7309_none_3e05feeae336a044\COMCTL32.dll
0x00007ffb31be0000 - 0x00007ffb31d0c000 	C:\WINDOWS\System32\gdi32full.dll
0x00007ffb348f0000 - 0x00007ffb34999000 	C:\WINDOWS\System32\msvcrt.dll
0x00007ffb326a0000 - 0x00007ffb32743000 	C:\WINDOWS\System32\msvcp_win.dll
0x00007ffb33fb0000 - 0x00007ffb33fe1000 	C:\WINDOWS\System32\IMM32.DLL
0x00007ffb0ea30000 - 0x00007ffb0ea3c000 	c:\Users\pujak\.vscode\extensions\redhat.java-1.52.0-win32-x64\jre\21.0.9-win32-x86_64\bin\vcruntime140_1.dll
0x00007ffad3ae0000 - 0x00007ffad3b6d000 	c:\Users\pujak\.vscode\extensions\redhat.java-1.52.0-win32-x64\jre\21.0.9-win32-x86_64\bin\msvcp140.dll
0x00007ffa73c20000 - 0x00007ffa749c0000 	c:\Users\pujak\.vscode\extensions\redhat.java-1.52.0-win32-x64\jre\21.0.9-win32-x86_64\bin\server\jvm.dll
0x00007ffb33c80000 - 0x00007ffb33d34000 	C:\WINDOWS\System32\ADVAPI32.dll
0x00007ffb33270000 - 0x00007ffb33316000 	C:\WINDOWS\System32\sechost.dll
0x00007ffb33380000 - 0x00007ffb33498000 	C:\WINDOWS\System32\RPCRT4.dll
0x00007ffb33e90000 - 0x00007ffb33f04000 	C:\WINDOWS\System32\WS2_32.dll
0x00007ffb31990000 - 0x00007ffb319ee000 	C:\WINDOWS\SYSTEM32\POWRPROF.dll
0x00007ffb259a0000 - 0x00007ffb259d5000 	C:\WINDOWS\SYSTEM32\WINMM.dll
0x00007ffb2a610000 - 0x00007ffb2a61b000 	C:\WINDOWS\SYSTEM32\VERSION.dll
0x00007ffb31970000 - 0x00007ffb31984000 	C:\WINDOWS\SYSTEM32\UMPDC.dll
0x00007ffb308e0000 - 0x00007ffb308fb000 	C:\WINDOWS\SYSTEM32\kernel.appcore.dll
0x00007ffb0e0d0000 - 0x00007ffb0e0da000 	c:\Users\pujak\.vscode\extensions\redhat.java-1.52.0-win32-x64\jre\21.0.9-win32-x86_64\bin\jimage.dll
0x00007ffb24b60000 - 0x00007ffb24da2000 	C:\WINDOWS\SYSTEM32\DBGHELP.DLL
0x00007ffb329e0000 - 0x00007ffb32d66000 	C:\WINDOWS\System32\combase.dll
0x00007ffb34810000 - 0x00007ffb348e6000 	C:\WINDOWS\System32\OLEAUT32.dll
0x00007ffb0d070000 - 0x00007ffb0d0ac000 	C:\WINDOWS\SYSTEM32\dbgcore.DLL
0x00007ffb31b30000 - 0x00007ffb31bd5000 	C:\WINDOWS\System32\bcryptPrimitives.dll
0x00007ffb08990000 - 0x00007ffb0899f000 	c:\Users\pujak\.vscode\extensions\redhat.java-1.52.0-win32-x64\jre\21.0.9-win32-x86_64\bin\instrument.dll
0x00007ffafdaa0000 - 0x00007ffafdac0000 	c:\Users\pujak\.vscode\extensions\redhat.java-1.52.0-win32-x64\jre\21.0.9-win32-x86_64\bin\java.dll
0x00007ffb340b0000 - 0x00007ffb34803000 	C:\WINDOWS\System32\SHELL32.dll
0x00007ffb322f0000 - 0x00007ffb3245a000 	C:\WINDOWS\System32\wintypes.dll
0x00007ffb2f710000 - 0x00007ffb2ff6e000 	C:\WINDOWS\SYSTEM32\windows.storage.dll
0x00007ffb334f0000 - 0x00007ffb335e5000 	C:\WINDOWS\System32\SHCORE.dll
0x00007ffb33d40000 - 0x00007ffb33da6000 	C:\WINDOWS\System32\shlwapi.dll
0x00007ffb31a50000 - 0x00007ffb31a79000 	C:\WINDOWS\SYSTEM32\profapi.dll
0x00007ffafb3a0000 - 0x00007ffafb3b8000 	c:\Users\pujak\.vscode\extensions\redhat.java-1.52.0-win32-x64\jre\21.0.9-win32-x86_64\bin\zip.dll
0x00007ffb08840000 - 0x00007ffb08850000 	C:\Users\pujak\.vscode\extensions\redhat.java-1.52.0-win32-x64\jre\21.0.9-win32-x86_64\bin\net.dll
0x00007ffb2c110000 - 0x00007ffb2c238000 	C:\WINDOWS\SYSTEM32\WINHTTP.dll
0x00007ffb30e50000 - 0x00007ffb30ebb000 	C:\WINDOWS\system32\mswsock.dll
0x00007ffaecca0000 - 0x00007ffaeccb6000 	C:\Users\pujak\.vscode\extensions\redhat.java-1.52.0-win32-x64\jre\21.0.9-win32-x86_64\bin\nio.dll
0x00007ffb084c0000 - 0x00007ffb084d0000 	c:\Users\pujak\.vscode\extensions\redhat.java-1.52.0-win32-x64\jre\21.0.9-win32-x86_64\bin\verify.dll
0x00007ffae3240000 - 0x00007ffae3285000 	C:\Users\pujak\AppData\Roaming\Code\User\globalStorage\redhat.java\1.52.0\config_ss_win\org.eclipse.equinox.launcher\org.eclipse.equinox.launcher.win32.win32.x86_64_1.2.1500.v20260121-1430\eclipse_11919.dll
0x00007ffb32d70000 - 0x00007ffb32f07000 	C:\WINDOWS\System32\ole32.dll
0x00007ffb04e60000 - 0x00007ffb04e6a000 	C:\Users\pujak\.vscode\extensions\redhat.java-1.52.0-win32-x64\jre\21.0.9-win32-x86_64\bin\management.dll
0x00007ffb04a90000 - 0x00007ffb04a9c000 	C:\Users\pujak\.vscode\extensions\redhat.java-1.52.0-win32-x64\jre\21.0.9-win32-x86_64\bin\management_ext.dll
0x00007ffb32800000 - 0x00007ffb32808000 	C:\WINDOWS\System32\PSAPI.DLL
0x00007ffb31110000 - 0x00007ffb3112b000 	C:\WINDOWS\SYSTEM32\CRYPTSP.dll
0x00007ffb30840000 - 0x00007ffb3087a000 	C:\WINDOWS\system32\rsaenh.dll
0x00007ffb30f00000 - 0x00007ffb30f2b000 	C:\WINDOWS\SYSTEM32\USERENV.dll
0x00007ffb31a20000 - 0x00007ffb31a4a000 	C:\WINDOWS\SYSTEM32\bcrypt.dll
0x00007ffb31130000 - 0x00007ffb3113c000 	C:\WINDOWS\SYSTEM32\CRYPTBASE.dll
0x00007ffb30420000 - 0x00007ffb30454000 	C:\WINDOWS\SYSTEM32\IPHLPAPI.DLL
0x00007ffb33c70000 - 0x00007ffb33c7a000 	C:\WINDOWS\System32\NSI.dll

JVMTI agents:
c:\Users\pujak\.vscode\extensions\redhat.java-1.52.0-win32-x64\lombok\lombok-1.18.39-4050.jar path:c:\Users\pujak\.vscode\extensions\redhat.java-1.52.0-win32-x64\jre\21.0.9-win32-x86_64\bin\instrument.dll, loaded, initialized, instrumentlib options:none

dbghelp: loaded successfully - version: 4.0.5 - missing functions: none
symbol engine: initialized successfully - sym options: 0x614 - pdb path: .;c:\Users\pujak\.vscode\extensions\redhat.java-1.52.0-win32-x64\jre\21.0.9-win32-x86_64\bin;C:\WINDOWS\SYSTEM32;C:\WINDOWS\WinSxS\amd64_microsoft.windows.common-controls_6595b64144ccf1df_6.0.26100.7309_none_3e05feeae336a044;c:\Users\pujak\.vscode\extensions\redhat.java-1.52.0-win32-x64\jre\21.0.9-win32-x86_64\bin\server;C:\Users\pujak\AppData\Roaming\Code\User\globalStorage\redhat.java\1.52.0\config_ss_win\org.eclipse.equinox.launcher\org.eclipse.equinox.launcher.win32.win32.x86_64_1.2.1500.v20260121-1430

VM Arguments:
jvm_args: --add-modules=ALL-SYSTEM --add-opens=java.base/java.util=ALL-UNNAMED --add-opens=java.base/java.lang=ALL-UNNAMED --add-opens=java.base/sun.nio.fs=ALL-UNNAMED -Declipse.application=org.eclipse.jdt.ls.core.id1 -Dosgi.bundles.defaultStartLevel=4 -Declipse.product=org.eclipse.jdt.ls.core.product -Djava.import.generatesMetadataFilesAtProjectRoot=false -DDetectVMInstallationsJob.disabled=true -Dfile.encoding=utf8 -XX:+UseParallelGC -XX:GCTimeRatio=4 -XX:AdaptiveSizePolicyWeight=90 -Dsun.zip.disableMemoryMapping=true -Xmx2G -Xms100m -Xlog:disable -javaagent:c:\Users\pujak\.vscode\extensions\redhat.java-1.52.0-win32-x64\lombok\lombok-1.18.39-4050.jar 
java_command: c:\Users\pujak\.vscode\extensions\redhat.java-1.52.0-win32-x64\server\plugins\org.eclipse.equinox.launcher_1.7.100.v20251111-0406.jar -configuration c:\Users\pujak\AppData\Roaming\Code\User\globalStorage\redhat.java\1.52.0\config_ss_win -data c:\Users\pujak\AppData\Roaming\Code\User\workspaceStorage\b97078b75bcdd57789704d8281967d4b\redhat.java\ss_ws --pipe=\\.\pipe\lsp-d97c83d60fdac65ddefb5d3cb6a0cec7-sock
java_class_path (initial): c:\Users\pujak\.vscode\extensions\redhat.java-1.52.0-win32-x64\server\plugins\org.eclipse.equinox.launcher_1.7.100.v20251111-0406.jar
Launcher Type: SUN_STANDARD

[Global flags]
    uintx AdaptiveSizePolicyWeight                 = 90                                        {product} {command line}
     intx CICompilerCount                          = 4                                         {product} {ergonomic}
    uintx GCTimeRatio                              = 4                                         {product} {command line}
   size_t InitialHeapSize                          = 104857600                                 {product} {command line}
   size_t MaxHeapSize                              = 2147483648                                {product} {command line}
   size_t MaxNewSize                               = 715653120                                 {product} {ergonomic}
   size_t MinHeapDeltaBytes                        = 524288                                    {product} {ergonomic}
   size_t MinHeapSize                              = 104857600                                 {product} {command line}
   size_t NewSize                                  = 34603008                                  {product} {ergonomic}
    uintx NonNMethodCodeHeapSize                   = 5839372                                {pd product} {ergonomic}
    uintx NonProfiledCodeHeapSize                  = 122909434                              {pd product} {ergonomic}
   size_t OldSize                                  = 70254592                                  {product} {ergonomic}
    uintx ProfiledCodeHeapSize                     = 122909434                              {pd product} {ergonomic}
    uintx ReservedCodeCacheSize                    = 251658240                              {pd product} {ergonomic}
     bool SegmentedCodeCache                       = true                                      {product} {ergonomic}
   size_t SoftMaxHeapSize                          = 2147483648                             {manageable} {ergonomic}
     bool UseCompressedOops                        = true                           {product lp64_product} {ergonomic}
     bool UseLargePagesIndividualAllocation        = false                                  {pd product} {ergonomic}
     bool UseParallelGC                            = true                                      {product} {command line}

Logging:
Log output configuration:
 #0: stdout all=off uptime,level,tags foldmultilines=false
 #1: stderr all=off uptime,level,tags foldmultilines=false

Release file:
JAVA_VERSION="21.0.9" 
MODULES="java.base java.compiler java.datatransfer java.xml java.prefs java.desktop java.instrument java.logging java.management java.security.sasl java.naming java.rmi java.management.rmi java.net.http java.scripting java.security.jgss java.transaction.xa java.sql java.sql.rowset java.xml.crypto java.se java.smartcardio jdk.accessibility jdk.internal.jvmstat jdk.attach jdk.charsets jdk.internal.opt jdk.zipfs jdk.compiler jdk.crypto.ec jdk.crypto.cryptoki jdk.crypto.mscapi jdk.dynalink jdk.internal.ed jdk.editpad jdk.hotspot.agent jdk.httpserver jdk.internal.le jdk.internal.vm.ci jdk.internal.vm.compiler jdk.internal.vm.compiler.management jdk.jartool jdk.javadoc jdk.jcmd jdk.management jdk.management.agent jdk.jconsole jdk.jdeps jdk.jdwp.agent jdk.jdi jdk.jfr jdk.jshell jdk.jsobject jdk.jstatd jdk.localedata jdk.management.jfr jdk.naming.dns jdk.naming.rmi jdk.net jdk.nio.mapmode jdk.random jdk.sctp jdk.security.auth jdk.security.jgss jdk.unsupported jdk.unsupported.desktop jdk.xml.dom" 

Environment Variables:
PATH=C:\Program Files\Common Files\Oracle\Java\javapath;C:\windows\system32;C:\windows;C:\windows\System32\Wbem;C:\windows\System32\WindowsPowerShell\v1.0\;C:\windows\System32\OpenSSH\;C:\Program Files (x86)\NVIDIA Corporation\PhysX\Common;C:\Program Files\NVIDIA Corporation\NVIDIA NvDLISR;C:\Users\Administrator\AppData\Local\Microsoft\WindowsApps;C:\Program Files\HP\OMEN-Broadcast\Common;C:\Program Files\HP\HP One Agent;;C:\WINDOWS\system32;C:\WINDOWS;C:\WINDOWS\System32\Wbem;C:\WINDOWS\System32\WindowsPowerShell\v1.0\;C:\WINDOWS\System32\OpenSSH\;C:\Program Files\nodejs\;C:\Program Files\MySQL\MySQL Shell 8.0\bin\;C:\Users\pujak\AppData\Local\Programs\Python\Launcher\;C:\Users\pujak\AppData\Local\Microsoft\WindowsApps;;C:\Users\pujak\AppData\Local\Programs\Microsoft VS Code\bin;C:\Users\pujak\AppData\Roaming\npm
USERNAME=Surya
OS=Windows_NT
PROCESSOR_IDENTIFIER=AMD64 Family 25 Model 68 Stepping 1, AuthenticAMD
TMP=C:\Users\pujak\AppData\Local\Temp
TEMP=C:\Users\pujak\AppData\Local\Temp




Periodic native trim disabled

---------------  S Y S T E M  ---------------

OS:
 Windows 11 , 64 bit Build 26100 (10.0.26100.7623)
OS uptime: 15 days 12:27 hours
Hyper-V role detected

CPU: total 12 (initial active 12) (12 cores per cpu, 2 threads per core) family 25 model 68 stepping 1 microcode 0xa404107, cx8, cmov, fxsr, ht, mmx, 3dnowpref, sse, sse2, sse3, ssse3, sse4a, sse4.1, sse4.2, popcnt, lzcnt, tsc, tscinvbit, avx, avx2, aes, erms, clmul, bmi1, bmi2, adx, sha, fma, vzeroupper, clflush, clflushopt, hv, rdtscp, rdpid, fsrm, f16c, cet_ss
Processor Information for processor 0
  Max Mhz: 3301, Current Mhz: 3301, Mhz Limit: 3301
Processor Information for processor 1
  Max Mhz: 3301, Current Mhz: 2635, Mhz Limit: 3301
Processor Information for processor 2
  Max Mhz: 3301, Current Mhz: 3301, Mhz Limit: 3301
Processor Information for processor 3
  Max Mhz: 3301, Current Mhz: 2635, Mhz Limit: 3301
Processor Information for processor 4
  Max Mhz: 3301, Current Mhz: 3301, Mhz Limit: 3301
Processor Information for processor 5
  Max Mhz: 3301, Current Mhz: 3301, Mhz Limit: 3301
Processor Information for processor 6
  Max Mhz: 3301, Current Mhz: 3301, Mhz Limit: 3301
Processor Information for processor 7
  Max Mhz: 3301, Current Mhz: 3301, Mhz Limit: 3301
Processor Information for processor 8
  Max Mhz: 3301, Current Mhz: 3301, Mhz Limit: 3301
Processor Information for processor 9
  Max Mhz: 3301, Current Mhz: 2635, Mhz Limit: 3301
Processor Information for processor 10
  Max Mhz: 3301, Current Mhz: 3301, Mhz Limit: 3301
Processor Information for processor 11
  Max Mhz: 3301, Current Mhz: 2635, Mhz Limit: 3301

Memory: 4k page, system-wide physical 7381M (1044M free)
TotalPageFile size 29909M (AvailPageFile size 6M)
current process WorkingSet (physical memory assigned to process): 152M, peak: 152M
current process commit charge ("private bytes"): 293M, peak: 293M

vm_info: OpenJDK 64-Bit Server VM (21.0.9+10-LTS) for windows-amd64 JRE (21.0.9+10-LTS), built on 2025-10-21T00:00:00Z by "admin" with unknown MS VC++:1942

END.
